2023-05-10T14:23:06.532+07:00  INFO 13520 --- [restartedMain] com.project1.Project1Application         : Starting Project1Application using Java 17.0.6 with PID 13520 (D:\project_java\project\springboot\project1\target\classes started by duy09 in D:\project_java\project\springboot\project1)
2023-05-10T14:23:06.544+07:00  INFO 13520 --- [restartedMain] com.project1.Project1Application         : No active profile set, falling back to 1 default profile: "default"
2023-05-10T14:23:06.862+07:00  INFO 13520 --- [restartedMain] .e.DevToolsPropertyDefaultsPostProcessor : Devtools property defaults active! Set 'spring.devtools.add-properties' to 'false' to disable
2023-05-10T14:23:06.863+07:00  INFO 13520 --- [restartedMain] .e.DevToolsPropertyDefaultsPostProcessor : For additional web related logging consider setting the 'logging.level.web' property to 'DEBUG'
2023-05-10T14:23:07.527+07:00  INFO 13520 --- [restartedMain] .s.d.r.c.RepositoryConfigurationDelegate : Bootstrapping Spring Data JPA repositories in DEFAULT mode.
2023-05-10T14:23:07.600+07:00  INFO 13520 --- [restartedMain] .s.d.r.c.RepositoryConfigurationDelegate : Finished Spring Data repository scanning in 65 ms. Found 3 JPA repository interfaces.
2023-05-10T14:23:08.114+07:00  INFO 13520 --- [restartedMain] o.s.b.w.embedded.tomcat.TomcatWebServer  : Tomcat initialized with port(s): 8080 (http)
2023-05-10T14:23:08.122+07:00  INFO 13520 --- [restartedMain] o.apache.catalina.core.StandardService   : Starting service [Tomcat]
2023-05-10T14:23:08.122+07:00  INFO 13520 --- [restartedMain] o.apache.catalina.core.StandardEngine    : Starting Servlet engine: [Apache Tomcat/10.1.8]
2023-05-10T14:23:08.189+07:00  INFO 13520 --- [restartedMain] o.a.c.c.C.[Tomcat].[localhost].[/]       : Initializing Spring embedded WebApplicationContext
2023-05-10T14:23:08.190+07:00  INFO 13520 --- [restartedMain] w.s.c.ServletWebServerApplicationContext : Root WebApplicationContext: initialization completed in 1326 ms
2023-05-10T14:23:08.297+07:00  INFO 13520 --- [restartedMain] com.zaxxer.hikari.HikariDataSource       : HikariPool-1 - Starting...
2023-05-10T14:23:08.644+07:00  INFO 13520 --- [restartedMain] com.zaxxer.hikari.pool.HikariPool        : HikariPool-1 - Added connection com.mysql.cj.jdbc.ConnectionImpl@1c2fd95e
2023-05-10T14:23:08.646+07:00  INFO 13520 --- [restartedMain] com.zaxxer.hikari.HikariDataSource       : HikariPool-1 - Start completed.
2023-05-10T14:23:08.681+07:00  INFO 13520 --- [restartedMain] o.hibernate.jpa.internal.util.LogHelper  : HHH000204: Processing PersistenceUnitInfo [name: default]
2023-05-10T14:23:08.733+07:00  INFO 13520 --- [restartedMain] org.hibernate.Version                    : HHH000412: Hibernate ORM core version 6.1.7.Final
2023-05-10T14:23:09.042+07:00  INFO 13520 --- [restartedMain] SQL dialect                              : HHH000400: Using dialect: org.hibernate.dialect.MySQL8Dialect
2023-05-10T14:23:09.044+07:00  WARN 13520 --- [restartedMain] org.hibernate.orm.deprecation            : HHH90000026: MySQL8Dialect has been deprecated; use org.hibernate.dialect.MySQLDialect instead
2023-05-10T14:23:09.871+07:00  INFO 13520 --- [restartedMain] o.h.e.t.j.p.i.JtaPlatformInitiator       : HHH000490: Using JtaPlatform implementation: [org.hibernate.engine.transaction.jta.platform.internal.NoJtaPlatform]
2023-05-10T14:23:09.882+07:00  INFO 13520 --- [restartedMain] j.LocalContainerEntityManagerFactoryBean : Initialized JPA EntityManagerFactory for persistence unit 'default'
2023-05-10T14:23:10.427+07:00  WARN 13520 --- [restartedMain] JpaBaseConfiguration$JpaWebConfiguration : spring.jpa.open-in-view is enabled by default. Therefore, database queries may be performed during view rendering. Explicitly configure spring.jpa.open-in-view to disable this warning
2023-05-10T14:23:10.786+07:00  INFO 13520 --- [restartedMain] o.s.b.d.a.OptionalLiveReloadServer       : LiveReload server is running on port 35729
2023-05-10T14:23:10.825+07:00  INFO 13520 --- [restartedMain] o.s.b.w.embedded.tomcat.TomcatWebServer  : Tomcat started on port(s): 8080 (http) with context path ''
2023-05-10T14:23:10.836+07:00  INFO 13520 --- [restartedMain] com.project1.Project1Application         : Started Project1Application in 4.873 seconds (process running for 5.934)
2023-05-10T14:23:52.104+07:00  INFO 13520 --- [http-nio-8080-exec-1] o.a.c.c.C.[Tomcat].[localhost].[/]       : Initializing Spring DispatcherServlet 'dispatcherServlet'
2023-05-10T14:23:52.105+07:00  INFO 13520 --- [http-nio-8080-exec-1] o.s.web.servlet.DispatcherServlet        : Initializing Servlet 'dispatcherServlet'
2023-05-10T14:23:52.106+07:00  INFO 13520 --- [http-nio-8080-exec-1] o.s.web.servlet.DispatcherServlet        : Completed initialization in 1 ms
2023-05-10T14:23:53.055+07:00  WARN 13520 --- [http-nio-8080-exec-1] n.n.u.t.e.ExpressionProcessor            : Fragment expression "/home.html" is being wrapped as a Thymeleaf 3 fragment expression (~{...}) for backwards compatibility purposes.  This wrapping will be dropped in the next major version of the expression processor, so please rewrite as a Thymeleaf 3 fragment expression to future-proof your code.  See https://github.com/thymeleaf/thymeleaf/issues/451 for more information.
