2023-06-09T00:10:10.263+07:00  INFO 8540 --- [http-nio-8080-exec-4] c.e.ecommerce.security.JwtTokenFilter    : null
2023-06-09T00:10:14.651+07:00  INFO 8540 --- [http-nio-8080-exec-1] c.e.ecommerce.security.JwtTokenFilter    : null
2023-06-09T00:31:14.912+07:00  WARN 8540 --- [HikariPool-1 housekeeper] com.zaxxer.hikari.pool.HikariPool        : HikariPool-1 - Thread starvation or clock leap detected (housekeeper delta=7m7s566ms338µs700ns).
2023-06-09T00:33:12.439+07:00  INFO 8540 --- [http-nio-8080-exec-6] c.e.ecommerce.security.JwtTokenFilter    : null
2023-06-09T00:33:12.439+07:00  INFO 8540 --- [http-nio-8080-exec-2] c.e.ecommerce.security.JwtTokenFilter    : null
2023-06-09T00:33:12.439+07:00  INFO 8540 --- [http-nio-8080-exec-5] c.e.ecommerce.security.JwtTokenFilter    : null
2023-06-09T00:33:12.439+07:00  INFO 8540 --- [http-nio-8080-exec-8] c.e.ecommerce.security.JwtTokenFilter    : null
2023-06-09T00:33:14.169+07:00  INFO 8540 --- [http-nio-8080-exec-9] c.e.ecommerce.security.JwtTokenFilter    : null
2023-06-09T00:33:25.158+07:00  INFO 8540 --- [http-nio-8080-exec-2] c.e.ecommerce.security.JwtTokenFilter    : null
2023-06-09T00:33:25.158+07:00  INFO 8540 --- [http-nio-8080-exec-7] c.e.ecommerce.security.JwtTokenFilter    : null
2023-06-09T00:33:25.158+07:00  INFO 8540 --- [http-nio-8080-exec-5] c.e.ecommerce.security.JwtTokenFilter    : null
2023-06-09T00:33:25.158+07:00  INFO 8540 --- [http-nio-8080-exec-6] c.e.ecommerce.security.JwtTokenFilter    : null
2023-06-09T00:33:27.957+07:00  INFO 8540 --- [http-nio-8080-exec-8] c.e.ecommerce.security.JwtTokenFilter    : null
2023-06-09T00:39:01.395+07:00  INFO 8540 --- [http-nio-8080-exec-1] c.e.ecommerce.security.JwtTokenFilter    : null
2023-06-09T00:39:03.563+07:00  INFO 8540 --- [http-nio-8080-exec-2] c.e.ecommerce.security.JwtTokenFilter    : null
2023-06-09T00:39:03.566+07:00  INFO 8540 --- [http-nio-8080-exec-6] c.e.ecommerce.security.JwtTokenFilter    : null
2023-06-09T00:39:03.569+07:00  INFO 8540 --- [http-nio-8080-exec-5] c.e.ecommerce.security.JwtTokenFilter    : null
2023-06-09T00:39:03.569+07:00  INFO 8540 --- [http-nio-8080-exec-7] c.e.ecommerce.security.JwtTokenFilter    : null
2023-06-09T00:39:05.619+07:00  INFO 8540 --- [http-nio-8080-exec-8] c.e.ecommerce.security.JwtTokenFilter    : null
2023-06-09T00:39:05.619+07:00  INFO 8540 --- [http-nio-8080-exec-9] c.e.ecommerce.security.JwtTokenFilter    : null
2023-06-09T00:39:05.623+07:00  INFO 8540 --- [http-nio-8080-exec-3] c.e.ecommerce.security.JwtTokenFilter    : null
2023-06-09T00:39:05.625+07:00  INFO 8540 --- [http-nio-8080-exec-10] c.e.ecommerce.security.JwtTokenFilter    : null
2023-06-09T00:39:11.193+07:00  INFO 8540 --- [http-nio-8080-exec-2] c.e.ecommerce.security.JwtTokenFilter    : null
2023-06-09T00:39:11.210+07:00  INFO 8540 --- [http-nio-8080-exec-5] c.e.ecommerce.security.JwtTokenFilter    : null
2023-06-09T00:39:12.027+07:00  INFO 8540 --- [http-nio-8080-exec-8] c.e.ecommerce.security.JwtTokenFilter    : null
2023-06-09T00:39:12.040+07:00  INFO 8540 --- [http-nio-8080-exec-10] c.e.ecommerce.security.JwtTokenFilter    : null
2023-06-09T00:39:12.047+07:00  INFO 8540 --- [http-nio-8080-exec-3] c.e.ecommerce.security.JwtTokenFilter    : null
2023-06-09T00:39:12.053+07:00  INFO 8540 --- [http-nio-8080-exec-9] c.e.ecommerce.security.JwtTokenFilter    : null
2023-06-09T00:39:14.097+07:00  INFO 8540 --- [http-nio-8080-exec-6] c.e.ecommerce.security.JwtTokenFilter    : null
2023-06-09T00:39:14.102+07:00  INFO 8540 --- [http-nio-8080-exec-7] c.e.ecommerce.security.JwtTokenFilter    : null
2023-06-09T00:39:14.104+07:00  INFO 8540 --- [http-nio-8080-exec-4] c.e.ecommerce.security.JwtTokenFilter    : null
2023-06-09T00:39:14.104+07:00  INFO 8540 --- [http-nio-8080-exec-1] c.e.ecommerce.security.JwtTokenFilter    : null
2023-06-09T00:39:14.781+07:00  INFO 8540 --- [http-nio-8080-exec-2] c.e.ecommerce.security.JwtTokenFilter    : null
2023-06-09T00:39:26.319+07:00  INFO 8540 --- [http-nio-8080-exec-3] c.e.ecommerce.security.JwtTokenFilter    : null
2023-06-09T00:40:09.438+07:00  INFO 8540 --- [http-nio-8080-exec-7] c.e.ecommerce.security.JwtTokenFilter    : null
2023-06-09T00:40:17.193+07:00  INFO 8540 --- [http-nio-8080-exec-2] c.e.ecommerce.security.JwtTokenFilter    : null
2023-06-09T00:40:23.793+07:00  INFO 8540 --- [http-nio-8080-exec-5] c.e.ecommerce.security.JwtTokenFilter    : null
2023-06-09T00:40:39.580+07:00  INFO 8540 --- [http-nio-8080-exec-9] c.e.ecommerce.security.JwtTokenFilter    : null
2023-06-09T00:41:06.730+07:00  INFO 8540 --- [http-nio-8080-exec-10] c.e.ecommerce.security.JwtTokenFilter    : null
2023-06-09T00:41:09.371+07:00  INFO 8540 --- [http-nio-8080-exec-3] c.e.ecommerce.security.JwtTokenFilter    : null
2023-06-09T00:41:22.237+07:00  INFO 8540 --- [http-nio-8080-exec-7] c.e.ecommerce.security.JwtTokenFilter    : null
2023-06-09T00:41:22.237+07:00  INFO 8540 --- [http-nio-8080-exec-4] c.e.ecommerce.security.JwtTokenFilter    : null
2023-06-09T00:41:22.238+07:00  INFO 8540 --- [http-nio-8080-exec-1] c.e.ecommerce.security.JwtTokenFilter    : null
2023-06-09T00:41:22.239+07:00  INFO 8540 --- [http-nio-8080-exec-2] c.e.ecommerce.security.JwtTokenFilter    : null
2023-06-09T00:41:24.513+07:00  INFO 8540 --- [http-nio-8080-exec-9] c.e.ecommerce.security.JwtTokenFilter    : null
2023-06-09T00:41:28.138+07:00  INFO 8540 --- [http-nio-8080-exec-4] c.e.ecommerce.security.JwtTokenFilter    : null
2023-06-09T00:42:01.352+07:00  INFO 8540 --- [http-nio-8080-exec-1] c.e.ecommerce.security.JwtTokenFilter    : null
2023-06-09T00:43:12.229+07:00  INFO 8540 --- [SpringApplicationShutdownHook] j.LocalContainerEntityManagerFactoryBean : Closing JPA EntityManagerFactory for persistence unit 'default'
2023-06-09T00:43:12.267+07:00  INFO 8540 --- [SpringApplicationShutdownHook] com.zaxxer.hikari.HikariDataSource       : HikariPool-1 - Shutdown initiated...
2023-06-09T00:43:12.291+07:00  INFO 8540 --- [SpringApplicationShutdownHook] com.zaxxer.hikari.HikariDataSource       : HikariPool-1 - Shutdown completed.
2023-06-09T00:43:19.229+07:00  INFO 14812 --- [restartedMain] c.e.ecommerce.ECommerceApplication       : Starting ECommerceApplication using Java 17.0.6 with PID 14812 (D:\project_java\project\springboot\ecommerce\target\classes started by duy09 in D:\project_java\project\springboot\ecommerce)
2023-06-09T00:43:19.233+07:00  INFO 14812 --- [restartedMain] c.e.ecommerce.ECommerceApplication       : No active profile set, falling back to 1 default profile: "default"
2023-06-09T00:43:19.311+07:00  INFO 14812 --- [restartedMain] .e.DevToolsPropertyDefaultsPostProcessor : Devtools property defaults active! Set 'spring.devtools.add-properties' to 'false' to disable
2023-06-09T00:43:19.312+07:00  INFO 14812 --- [restartedMain] .e.DevToolsPropertyDefaultsPostProcessor : For additional web related logging consider setting the 'logging.level.web' property to 'DEBUG'
2023-06-09T00:43:20.341+07:00  INFO 14812 --- [restartedMain] .s.d.r.c.RepositoryConfigurationDelegate : Bootstrapping Spring Data JPA repositories in DEFAULT mode.
2023-06-09T00:43:20.513+07:00  INFO 14812 --- [restartedMain] .s.d.r.c.RepositoryConfigurationDelegate : Finished Spring Data repository scanning in 163 ms. Found 10 JPA repository interfaces.
2023-06-09T00:43:21.333+07:00  INFO 14812 --- [restartedMain] o.s.b.w.embedded.tomcat.TomcatWebServer  : Tomcat initialized with port(s): 8080 (http)
2023-06-09T00:43:21.344+07:00  INFO 14812 --- [restartedMain] o.apache.catalina.core.StandardService   : Starting service [Tomcat]
2023-06-09T00:43:21.345+07:00  INFO 14812 --- [restartedMain] o.apache.catalina.core.StandardEngine    : Starting Servlet engine: [Apache Tomcat/10.1.8]
2023-06-09T00:43:21.419+07:00  INFO 14812 --- [restartedMain] o.a.c.c.C.[Tomcat].[localhost].[/]       : Initializing Spring embedded WebApplicationContext
2023-06-09T00:43:21.419+07:00  INFO 14812 --- [restartedMain] w.s.c.ServletWebServerApplicationContext : Root WebApplicationContext: initialization completed in 2106 ms
2023-06-09T00:43:21.602+07:00  INFO 14812 --- [restartedMain] o.hibernate.jpa.internal.util.LogHelper  : HHH000204: Processing PersistenceUnitInfo [name: default]
2023-06-09T00:43:21.671+07:00  INFO 14812 --- [restartedMain] org.hibernate.Version                    : HHH000412: Hibernate ORM core version 6.1.7.Final
2023-06-09T00:43:21.995+07:00  INFO 14812 --- [restartedMain] com.zaxxer.hikari.HikariDataSource       : HikariPool-1 - Starting...
2023-06-09T00:43:22.372+07:00  INFO 14812 --- [restartedMain] com.zaxxer.hikari.pool.HikariPool        : HikariPool-1 - Added connection com.mysql.cj.jdbc.ConnectionImpl@601d9b38
2023-06-09T00:43:22.374+07:00  INFO 14812 --- [restartedMain] com.zaxxer.hikari.HikariDataSource       : HikariPool-1 - Start completed.
2023-06-09T00:43:22.395+07:00  INFO 14812 --- [restartedMain] SQL dialect                              : HHH000400: Using dialect: org.hibernate.dialect.MySQL8Dialect
2023-06-09T00:43:22.397+07:00  WARN 14812 --- [restartedMain] org.hibernate.orm.deprecation            : HHH90000026: MySQL8Dialect has been deprecated; use org.hibernate.dialect.MySQLDialect instead
2023-06-09T00:43:23.739+07:00  INFO 14812 --- [restartedMain] o.h.e.t.j.p.i.JtaPlatformInitiator       : HHH000490: Using JtaPlatform implementation: [org.hibernate.engine.transaction.jta.platform.internal.NoJtaPlatform]
2023-06-09T00:43:23.750+07:00  INFO 14812 --- [restartedMain] j.LocalContainerEntityManagerFactoryBean : Initialized JPA EntityManagerFactory for persistence unit 'default'
2023-06-09T00:43:24.876+07:00  WARN 14812 --- [restartedMain] JpaBaseConfiguration$JpaWebConfiguration : spring.jpa.open-in-view is enabled by default. Therefore, database queries may be performed during view rendering. Explicitly configure spring.jpa.open-in-view to disable this warning
2023-06-09T00:43:25.339+07:00  INFO 14812 --- [restartedMain] o.s.s.web.DefaultSecurityFilterChain     : Will secure any request with [org.springframework.security.web.session.DisableEncodeUrlFilter@5990655f, org.springframework.security.web.context.request.async.WebAsyncManagerIntegrationFilter@22d2cb33, org.springframework.security.web.context.SecurityContextHolderFilter@7621512d, org.springframework.security.web.header.HeaderWriterFilter@c4d10bb, org.springframework.security.web.authentication.logout.LogoutFilter@4c01eff3, com.ecommerce.ecommerce.security.JwtTokenFilter@3d881af3, org.springframework.security.web.authentication.www.BasicAuthenticationFilter@23db0c42, org.springframework.security.web.savedrequest.RequestCacheAwareFilter@650795de, org.springframework.security.web.servletapi.SecurityContextHolderAwareRequestFilter@2eec4689, org.springframework.security.web.authentication.AnonymousAuthenticationFilter@6465d40d, org.springframework.security.web.session.SessionManagementFilter@2867b813, org.springframework.security.web.access.ExceptionTranslationFilter@784a86c8, org.springframework.security.web.access.intercept.AuthorizationFilter@1e757bd3]
2023-06-09T00:43:25.700+07:00  INFO 14812 --- [restartedMain] o.s.b.d.a.OptionalLiveReloadServer       : LiveReload server is running on port 35729
2023-06-09T00:43:25.758+07:00  INFO 14812 --- [restartedMain] o.s.b.w.embedded.tomcat.TomcatWebServer  : Tomcat started on port(s): 8080 (http) with context path ''
2023-06-09T00:43:25.768+07:00  INFO 14812 --- [restartedMain] c.e.ecommerce.ECommerceApplication       : Started ECommerceApplication in 7.152 seconds (process running for 8.493)
2023-06-09T00:43:46.233+07:00  INFO 14812 --- [http-nio-8080-exec-2] o.a.c.c.C.[Tomcat].[localhost].[/]       : Initializing Spring DispatcherServlet 'dispatcherServlet'
2023-06-09T00:43:46.233+07:00  INFO 14812 --- [http-nio-8080-exec-2] o.s.web.servlet.DispatcherServlet        : Initializing Servlet 'dispatcherServlet'
2023-06-09T00:43:46.237+07:00  INFO 14812 --- [http-nio-8080-exec-2] o.s.web.servlet.DispatcherServlet        : Completed initialization in 3 ms
2023-06-09T00:43:46.254+07:00  INFO 14812 --- [http-nio-8080-exec-2] c.e.ecommerce.security.JwtTokenFilter    : null
2023-06-09T00:45:55.511+07:00  INFO 14812 --- [http-nio-8080-exec-4] c.e.ecommerce.security.JwtTokenFilter    : null
2023-06-09T00:46:01.716+07:00  INFO 14812 --- [http-nio-8080-exec-7] c.e.ecommerce.security.JwtTokenFilter    : null
2023-06-09T00:47:19.782+07:00  INFO 14812 --- [http-nio-8080-exec-9] c.e.ecommerce.security.JwtTokenFilter    : null
2023-06-09T00:47:24.558+07:00  INFO 14812 --- [http-nio-8080-exec-1] c.e.ecommerce.security.JwtTokenFilter    : null
2023-06-09T00:48:21.759+07:00  INFO 14812 --- [http-nio-8080-exec-3] c.e.ecommerce.security.JwtTokenFilter    : null
2023-06-09T00:48:34.806+07:00  INFO 14812 --- [http-nio-8080-exec-5] c.e.ecommerce.security.JwtTokenFilter    : null
2023-06-09T00:48:54.419+07:00  INFO 14812 --- [http-nio-8080-exec-7] c.e.ecommerce.security.JwtTokenFilter    : null
2023-06-09T00:48:54.424+07:00  INFO 14812 --- [http-nio-8080-exec-8] c.e.ecommerce.security.JwtTokenFilter    : null
2023-06-09T00:48:54.429+07:00  INFO 14812 --- [http-nio-8080-exec-9] c.e.ecommerce.security.JwtTokenFilter    : null
2023-06-09T00:48:54.443+07:00  INFO 14812 --- [http-nio-8080-exec-10] c.e.ecommerce.security.JwtTokenFilter    : null
2023-06-09T00:48:59.042+07:00  INFO 14812 --- [http-nio-8080-exec-5] c.e.ecommerce.security.JwtTokenFilter    : null
2023-06-09T00:48:59.404+07:00  INFO 14812 --- [http-nio-8080-exec-7] c.e.ecommerce.security.JwtTokenFilter    : null
2023-06-09T00:48:59.404+07:00  INFO 14812 --- [http-nio-8080-exec-6] c.e.ecommerce.security.JwtTokenFilter    : null
2023-06-09T00:48:59.413+07:00  INFO 14812 --- [http-nio-8080-exec-9] c.e.ecommerce.security.JwtTokenFilter    : null
2023-06-09T00:48:59.422+07:00  INFO 14812 --- [http-nio-8080-exec-10] c.e.ecommerce.security.JwtTokenFilter    : null
2023-06-09T00:49:00.009+07:00  INFO 14812 --- [http-nio-8080-exec-8] c.e.ecommerce.security.JwtTokenFilter    : null
2023-06-09T00:49:46.718+07:00  INFO 14812 --- [http-nio-8080-exec-5] c.e.ecommerce.security.JwtTokenFilter    : null
2023-06-09T00:49:52.427+07:00  INFO 14812 --- [http-nio-8080-exec-6] c.e.ecommerce.security.JwtTokenFilter    : null
2023-06-09T00:49:52.430+07:00  INFO 14812 --- [http-nio-8080-exec-10] c.e.ecommerce.security.JwtTokenFilter    : null
2023-06-09T00:49:52.430+07:00  INFO 14812 --- [http-nio-8080-exec-9] c.e.ecommerce.security.JwtTokenFilter    : null
2023-06-09T00:49:52.434+07:00  INFO 14812 --- [http-nio-8080-exec-8] c.e.ecommerce.security.JwtTokenFilter    : null
2023-06-09T00:52:43.493+07:00  INFO 14812 --- [http-nio-8080-exec-5] c.e.ecommerce.security.JwtTokenFilter    : null
2023-06-09T00:52:43.639+07:00  INFO 14812 --- [http-nio-8080-exec-7] c.e.ecommerce.security.JwtTokenFilter    : null
2023-06-09T00:52:43.647+07:00  INFO 14812 --- [http-nio-8080-exec-10] c.e.ecommerce.security.JwtTokenFilter    : null
2023-06-09T00:52:43.649+07:00  INFO 14812 --- [http-nio-8080-exec-9] c.e.ecommerce.security.JwtTokenFilter    : null
2023-06-09T00:52:43.652+07:00  INFO 14812 --- [http-nio-8080-exec-6] c.e.ecommerce.security.JwtTokenFilter    : null
2023-06-09T00:52:44.841+07:00  INFO 14812 --- [http-nio-8080-exec-8] c.e.ecommerce.security.JwtTokenFilter    : null
2023-06-09T00:52:47.264+07:00  INFO 14812 --- [http-nio-8080-exec-3] c.e.ecommerce.security.JwtTokenFilter    : null
2023-06-09T00:52:47.268+07:00  INFO 14812 --- [http-nio-8080-exec-2] c.e.ecommerce.security.JwtTokenFilter    : null
2023-06-09T00:52:47.269+07:00  INFO 14812 --- [http-nio-8080-exec-1] c.e.ecommerce.security.JwtTokenFilter    : null
2023-06-09T00:52:47.271+07:00  INFO 14812 --- [http-nio-8080-exec-4] c.e.ecommerce.security.JwtTokenFilter    : null
2023-06-09T00:52:49.490+07:00  INFO 14812 --- [http-nio-8080-exec-5] c.e.ecommerce.security.JwtTokenFilter    : null
2023-06-09T00:52:49.491+07:00  INFO 14812 --- [http-nio-8080-exec-7] c.e.ecommerce.security.JwtTokenFilter    : null
2023-06-09T00:52:49.491+07:00  INFO 14812 --- [http-nio-8080-exec-10] c.e.ecommerce.security.JwtTokenFilter    : null
2023-06-09T00:52:49.495+07:00  INFO 14812 --- [http-nio-8080-exec-9] c.e.ecommerce.security.JwtTokenFilter    : null
2023-06-09T00:52:50.007+07:00  INFO 14812 --- [http-nio-8080-exec-6] c.e.ecommerce.security.JwtTokenFilter    : null
2023-06-09T00:59:25.418+07:00  INFO 14812 --- [http-nio-8080-exec-3] c.e.ecommerce.security.JwtTokenFilter    : null
2023-06-09T01:04:49.282+07:00  INFO 14812 --- [http-nio-8080-exec-5] c.e.ecommerce.security.JwtTokenFilter    : null
2023-06-09T01:05:12.707+07:00  INFO 14812 --- [http-nio-8080-exec-9] c.e.ecommerce.security.JwtTokenFilter    : null
2023-06-09T01:05:46.828+07:00  INFO 14812 --- [http-nio-8080-exec-1] c.e.ecommerce.security.JwtTokenFilter    : null
2023-06-09T01:05:49.339+07:00  INFO 14812 --- [http-nio-8080-exec-2] c.e.ecommerce.security.JwtTokenFilter    : null
2023-06-09T01:05:52.829+07:00  INFO 14812 --- [http-nio-8080-exec-8] c.e.ecommerce.security.JwtTokenFilter    : null
2023-06-09T01:08:00.606+07:00  INFO 14812 --- [http-nio-8080-exec-3] c.e.ecommerce.security.JwtTokenFilter    : null
2023-06-09T01:08:07.414+07:00  INFO 14812 --- [http-nio-8080-exec-5] c.e.ecommerce.security.JwtTokenFilter    : null
2023-06-09T01:08:25.908+07:00  INFO 14812 --- [http-nio-8080-exec-9] c.e.ecommerce.security.JwtTokenFilter    : null
2023-06-09T01:08:28.460+07:00  INFO 14812 --- [http-nio-8080-exec-6] c.e.ecommerce.security.JwtTokenFilter    : null
2023-06-09T01:08:28.512+07:00  INFO 14812 --- [http-nio-8080-exec-1] c.e.ecommerce.security.JwtTokenFilter    : null
2023-06-09T01:08:31.469+07:00  INFO 14812 --- [http-nio-8080-exec-2] c.e.ecommerce.security.JwtTokenFilter    : null
2023-06-09T01:08:33.407+07:00  INFO 14812 --- [http-nio-8080-exec-8] c.e.ecommerce.security.JwtTokenFilter    : null
2023-06-09T01:08:35.395+07:00  INFO 14812 --- [http-nio-8080-exec-3] c.e.ecommerce.security.JwtTokenFilter    : null
2023-06-09T01:08:35.633+07:00  INFO 14812 --- [http-nio-8080-exec-10] c.e.ecommerce.security.JwtTokenFilter    : null
2023-06-09T01:08:35.844+07:00  INFO 14812 --- [http-nio-8080-exec-5] c.e.ecommerce.security.JwtTokenFilter    : null
2023-06-09T01:08:36.070+07:00  INFO 14812 --- [http-nio-8080-exec-7] c.e.ecommerce.security.JwtTokenFilter    : null
2023-06-09T01:08:36.243+07:00  INFO 14812 --- [http-nio-8080-exec-9] c.e.ecommerce.security.JwtTokenFilter    : null
2023-06-09T01:08:53.563+07:00  INFO 14812 --- [http-nio-8080-exec-1] c.e.ecommerce.security.JwtTokenFilter    : null
2023-06-09T01:09:00.449+07:00  INFO 14812 --- [http-nio-8080-exec-8] c.e.ecommerce.security.JwtTokenFilter    : null
2023-06-09T01:09:07.896+07:00  INFO 14812 --- [http-nio-8080-exec-3] c.e.ecommerce.security.JwtTokenFilter    : null
2023-06-09T01:09:08.495+07:00  INFO 14812 --- [http-nio-8080-exec-10] c.e.ecommerce.security.JwtTokenFilter    : null
2023-06-09T01:09:08.495+07:00  INFO 14812 --- [http-nio-8080-exec-5] c.e.ecommerce.security.JwtTokenFilter    : null
2023-06-09T01:09:11.893+07:00  INFO 14812 --- [http-nio-8080-exec-7] c.e.ecommerce.security.JwtTokenFilter    : null
2023-06-09T01:09:13.644+07:00  INFO 14812 --- [http-nio-8080-exec-9] c.e.ecommerce.security.JwtTokenFilter    : null
2023-06-09T01:09:38.540+07:00  INFO 14812 --- [http-nio-8080-exec-1] c.e.ecommerce.security.JwtTokenFilter    : null
2023-06-09T01:09:50.079+07:00  INFO 14812 --- [http-nio-8080-exec-8] c.e.ecommerce.security.JwtTokenFilter    : null
2023-06-09T01:09:58.225+07:00  INFO 14812 --- [http-nio-8080-exec-4] c.e.ecommerce.security.JwtTokenFilter    : null
2023-06-09T01:10:02.415+07:00  INFO 14812 --- [http-nio-8080-exec-3] c.e.ecommerce.security.JwtTokenFilter    : null
2023-06-09T01:10:02.416+07:00  INFO 14812 --- [http-nio-8080-exec-10] c.e.ecommerce.security.JwtTokenFilter    : null
2023-06-09T01:10:07.314+07:00  INFO 14812 --- [http-nio-8080-exec-7] c.e.ecommerce.security.JwtTokenFilter    : null
2023-06-09T01:10:08.742+07:00  INFO 14812 --- [http-nio-8080-exec-9] c.e.ecommerce.security.JwtTokenFilter    : null
2023-06-09T01:10:08.903+07:00  INFO 14812 --- [http-nio-8080-exec-6] c.e.ecommerce.security.JwtTokenFilter    : null
2023-06-09T01:10:09.094+07:00  INFO 14812 --- [http-nio-8080-exec-1] c.e.ecommerce.security.JwtTokenFilter    : null
2023-06-09T01:10:09.294+07:00  INFO 14812 --- [http-nio-8080-exec-2] c.e.ecommerce.security.JwtTokenFilter    : null
2023-06-09T01:10:20.987+07:00  INFO 14812 --- [http-nio-8080-exec-4] c.e.ecommerce.security.JwtTokenFilter    : null
2023-06-09T01:10:22.008+07:00  INFO 14812 --- [http-nio-8080-exec-3] c.e.ecommerce.security.JwtTokenFilter    : null
2023-06-09T01:10:26.026+07:00  INFO 14812 --- [http-nio-8080-exec-5] c.e.ecommerce.security.JwtTokenFilter    : null
2023-06-09T01:11:49.695+07:00  INFO 14812 --- [http-nio-8080-exec-9] c.e.ecommerce.security.JwtTokenFilter    : null
2023-06-09T01:12:22.748+07:00  INFO 14812 --- [http-nio-8080-exec-2] c.e.ecommerce.security.JwtTokenFilter    : null
2023-06-09T01:12:28.970+07:00  INFO 14812 --- [http-nio-8080-exec-8] c.e.ecommerce.security.JwtTokenFilter    : null
2023-06-09T01:12:56.993+07:00  INFO 14812 --- [http-nio-8080-exec-4] c.e.ecommerce.security.JwtTokenFilter    : null
2023-06-09T01:13:06.668+07:00  INFO 14812 --- [http-nio-8080-exec-3] c.e.ecommerce.security.JwtTokenFilter    : null
2023-06-09T05:07:21.693+07:00  WARN 14812 --- [HikariPool-1 housekeeper] com.zaxxer.hikari.pool.HikariPool        : HikariPool-1 - Thread starvation or clock leap detected (housekeeper delta=3h27s778ms187µs800ns).
2023-06-09T06:03:51.366+07:00  WARN 14812 --- [HikariPool-1 housekeeper] com.zaxxer.hikari.pool.HikariPool        : HikariPool-1 - Thread starvation or clock leap detected (housekeeper delta=56m32s371ms752µs100ns).
2023-06-09T06:12:30.615+07:00  INFO 14812 --- [http-nio-8080-exec-5] c.e.ecommerce.security.JwtTokenFilter    : null
2023-06-09T06:12:30.702+07:00  INFO 14812 --- [http-nio-8080-exec-5] c.e.ecommerce.security.JwtTokenFilter    : null
2023-06-09T06:12:31.092+07:00  INFO 14812 --- [http-nio-8080-exec-7] c.e.ecommerce.security.JwtTokenFilter    : null
2023-06-09T06:12:31.096+07:00  INFO 14812 --- [http-nio-8080-exec-9] c.e.ecommerce.security.JwtTokenFilter    : null
2023-06-09T06:12:31.097+07:00  INFO 14812 --- [http-nio-8080-exec-6] c.e.ecommerce.security.JwtTokenFilter    : null
2023-06-09T06:12:31.120+07:00  INFO 14812 --- [http-nio-8080-exec-1] c.e.ecommerce.security.JwtTokenFilter    : null
2023-06-09T06:12:34.763+07:00  INFO 14812 --- [http-nio-8080-exec-10] c.e.ecommerce.security.JwtTokenFilter    : null
2023-06-09T06:12:44.370+07:00  INFO 14812 --- [http-nio-8080-exec-1] c.e.ecommerce.security.JwtTokenFilter    : null
2023-06-09T06:12:44.376+07:00  INFO 14812 --- [http-nio-8080-exec-7] c.e.ecommerce.security.JwtTokenFilter    : null
2023-06-09T06:12:46.619+07:00  INFO 14812 --- [http-nio-8080-exec-6] c.e.ecommerce.security.JwtTokenFilter    : null
2023-06-09T06:13:48.267+07:00  INFO 14812 --- [http-nio-8080-exec-2] c.e.ecommerce.security.JwtTokenFilter    : null
2023-06-09T06:18:40.725+07:00  INFO 14812 --- [http-nio-8080-exec-8] c.e.ecommerce.security.JwtTokenFilter    : null
2023-06-09T06:18:43.563+07:00  INFO 14812 --- [http-nio-8080-exec-3] c.e.ecommerce.security.JwtTokenFilter    : null
2023-06-09T06:18:43.566+07:00  INFO 14812 --- [http-nio-8080-exec-10] c.e.ecommerce.security.JwtTokenFilter    : null
2023-06-09T06:18:43.567+07:00  INFO 14812 --- [http-nio-8080-exec-5] c.e.ecommerce.security.JwtTokenFilter    : null
2023-06-09T06:18:43.569+07:00  INFO 14812 --- [http-nio-8080-exec-1] c.e.ecommerce.security.JwtTokenFilter    : null
2023-06-09T06:18:45.813+07:00  INFO 14812 --- [http-nio-8080-exec-4] c.e.ecommerce.security.JwtTokenFilter    : null
2023-06-09T06:19:02.336+07:00  INFO 14812 --- [http-nio-8080-exec-1] c.e.ecommerce.security.JwtTokenFilter    : null
2023-06-09T06:19:33.476+07:00  INFO 14812 --- [http-nio-8080-exec-3] c.e.ecommerce.security.JwtTokenFilter    : null
2023-06-09T06:19:51.867+07:00  INFO 14812 --- [http-nio-8080-exec-2] c.e.ecommerce.security.JwtTokenFilter    : null
2023-06-09T06:21:37.082+07:00  INFO 14812 --- [http-nio-8080-exec-7] c.e.ecommerce.security.JwtTokenFilter    : null
2023-06-09T06:22:05.498+07:00  INFO 14812 --- [http-nio-8080-exec-4] c.e.ecommerce.security.JwtTokenFilter    : null
2023-06-09T06:22:18.591+07:00  INFO 14812 --- [http-nio-8080-exec-8] c.e.ecommerce.security.JwtTokenFilter    : null
2023-06-09T06:23:19.271+07:00  INFO 14812 --- [http-nio-8080-exec-5] c.e.ecommerce.security.JwtTokenFilter    : null
2023-06-09T06:23:29.351+07:00  INFO 14812 --- [http-nio-8080-exec-10] c.e.ecommerce.security.JwtTokenFilter    : null
2023-06-09T06:23:39.409+07:00  INFO 14812 --- [http-nio-8080-exec-9] c.e.ecommerce.security.JwtTokenFilter    : null
2023-06-09T06:23:59.530+07:00  INFO 14812 --- [http-nio-8080-exec-6] c.e.ecommerce.security.JwtTokenFilter    : null
2023-06-09T06:24:21.895+07:00  INFO 14812 --- [http-nio-8080-exec-8] c.e.ecommerce.security.JwtTokenFilter    : null
2023-06-09T06:25:50.195+07:00  INFO 14812 --- [http-nio-8080-exec-5] c.e.ecommerce.security.JwtTokenFilter    : null
2023-06-09T06:28:09.354+07:00  INFO 14812 --- [http-nio-8080-exec-10] c.e.ecommerce.security.JwtTokenFilter    : null
2023-06-09T06:37:27.423+07:00  INFO 14812 --- [SpringApplicationShutdownHook] j.LocalContainerEntityManagerFactoryBean : Closing JPA EntityManagerFactory for persistence unit 'default'
2023-06-09T06:37:27.470+07:00  INFO 14812 --- [SpringApplicationShutdownHook] com.zaxxer.hikari.HikariDataSource       : HikariPool-1 - Shutdown initiated...
2023-06-09T06:37:27.486+07:00  INFO 14812 --- [SpringApplicationShutdownHook] com.zaxxer.hikari.HikariDataSource       : HikariPool-1 - Shutdown completed.
2023-06-09T08:44:24.490+07:00  INFO 22696 --- [restartedMain] c.e.ecommerce.ECommerceApplication       : Starting ECommerceApplication using Java 17.0.6 with PID 22696 (D:\project_java\project\springboot\ecommerce\target\classes started by duy09 in D:\project_java\project\springboot\ecommerce)
2023-06-09T08:44:24.494+07:00  INFO 22696 --- [restartedMain] c.e.ecommerce.ECommerceApplication       : No active profile set, falling back to 1 default profile: "default"
2023-06-09T08:44:24.559+07:00  INFO 22696 --- [restartedMain] .e.DevToolsPropertyDefaultsPostProcessor : Devtools property defaults active! Set 'spring.devtools.add-properties' to 'false' to disable
2023-06-09T08:44:24.560+07:00  INFO 22696 --- [restartedMain] .e.DevToolsPropertyDefaultsPostProcessor : For additional web related logging consider setting the 'logging.level.web' property to 'DEBUG'
2023-06-09T08:44:25.684+07:00  INFO 22696 --- [restartedMain] .s.d.r.c.RepositoryConfigurationDelegate : Bootstrapping Spring Data JPA repositories in DEFAULT mode.
2023-06-09T08:44:25.791+07:00  INFO 22696 --- [restartedMain] .s.d.r.c.RepositoryConfigurationDelegate : Finished Spring Data repository scanning in 97 ms. Found 10 JPA repository interfaces.
2023-06-09T08:44:26.578+07:00  INFO 22696 --- [restartedMain] o.s.b.w.embedded.tomcat.TomcatWebServer  : Tomcat initialized with port(s): 8080 (http)
2023-06-09T08:44:26.590+07:00  INFO 22696 --- [restartedMain] o.apache.catalina.core.StandardService   : Starting service [Tomcat]
2023-06-09T08:44:26.590+07:00  INFO 22696 --- [restartedMain] o.apache.catalina.core.StandardEngine    : Starting Servlet engine: [Apache Tomcat/10.1.8]
2023-06-09T08:44:26.656+07:00  INFO 22696 --- [restartedMain] o.a.c.c.C.[Tomcat].[localhost].[/]       : Initializing Spring embedded WebApplicationContext
2023-06-09T08:44:26.657+07:00  INFO 22696 --- [restartedMain] w.s.c.ServletWebServerApplicationContext : Root WebApplicationContext: initialization completed in 2095 ms
2023-06-09T08:44:26.855+07:00  INFO 22696 --- [restartedMain] o.hibernate.jpa.internal.util.LogHelper  : HHH000204: Processing PersistenceUnitInfo [name: default]
2023-06-09T08:44:26.928+07:00  INFO 22696 --- [restartedMain] org.hibernate.Version                    : HHH000412: Hibernate ORM core version 6.1.7.Final
2023-06-09T08:44:27.335+07:00  INFO 22696 --- [restartedMain] com.zaxxer.hikari.HikariDataSource       : HikariPool-1 - Starting...
2023-06-09T08:44:27.802+07:00  INFO 22696 --- [restartedMain] com.zaxxer.hikari.pool.HikariPool        : HikariPool-1 - Added connection com.mysql.cj.jdbc.ConnectionImpl@2a518efc
2023-06-09T08:44:27.804+07:00  INFO 22696 --- [restartedMain] com.zaxxer.hikari.HikariDataSource       : HikariPool-1 - Start completed.
2023-06-09T08:44:27.828+07:00  INFO 22696 --- [restartedMain] SQL dialect                              : HHH000400: Using dialect: org.hibernate.dialect.MySQL8Dialect
2023-06-09T08:44:27.831+07:00  WARN 22696 --- [restartedMain] org.hibernate.orm.deprecation            : HHH90000026: MySQL8Dialect has been deprecated; use org.hibernate.dialect.MySQLDialect instead
2023-06-09T08:44:29.542+07:00  INFO 22696 --- [restartedMain] o.h.e.t.j.p.i.JtaPlatformInitiator       : HHH000490: Using JtaPlatform implementation: [org.hibernate.engine.transaction.jta.platform.internal.NoJtaPlatform]
2023-06-09T08:44:29.569+07:00  INFO 22696 --- [restartedMain] j.LocalContainerEntityManagerFactoryBean : Initialized JPA EntityManagerFactory for persistence unit 'default'
2023-06-09T08:44:31.208+07:00  WARN 22696 --- [restartedMain] JpaBaseConfiguration$JpaWebConfiguration : spring.jpa.open-in-view is enabled by default. Therefore, database queries may be performed during view rendering. Explicitly configure spring.jpa.open-in-view to disable this warning
2023-06-09T08:44:31.728+07:00  INFO 22696 --- [restartedMain] o.s.s.web.DefaultSecurityFilterChain     : Will secure any request with [org.springframework.security.web.session.DisableEncodeUrlFilter@389fdd96, org.springframework.security.web.context.request.async.WebAsyncManagerIntegrationFilter@1a50f01a, org.springframework.security.web.context.SecurityContextHolderFilter@659bd496, org.springframework.security.web.header.HeaderWriterFilter@1adcf1e5, org.springframework.security.web.authentication.logout.LogoutFilter@22c82048, com.ecommerce.ecommerce.security.JwtTokenFilter@7a93956e, org.springframework.security.web.authentication.www.BasicAuthenticationFilter@3ad317c8, org.springframework.security.web.savedrequest.RequestCacheAwareFilter@37b3a929, org.springframework.security.web.servletapi.SecurityContextHolderAwareRequestFilter@409b988e, org.springframework.security.web.authentication.AnonymousAuthenticationFilter@be5835a, org.springframework.security.web.session.SessionManagementFilter@5db9c252, org.springframework.security.web.access.ExceptionTranslationFilter@671dfe54, org.springframework.security.web.access.intercept.AuthorizationFilter@40ba42e6]
2023-06-09T08:44:32.096+07:00  INFO 22696 --- [restartedMain] o.s.b.d.a.OptionalLiveReloadServer       : LiveReload server is running on port 35729
2023-06-09T08:44:32.144+07:00  INFO 22696 --- [restartedMain] o.s.b.w.embedded.tomcat.TomcatWebServer  : Tomcat started on port(s): 8080 (http) with context path ''
2023-06-09T08:44:32.154+07:00  INFO 22696 --- [restartedMain] c.e.ecommerce.ECommerceApplication       : Started ECommerceApplication in 8.469 seconds (process running for 9.804)
2023-06-09T08:46:36.736+07:00  INFO 22696 --- [http-nio-8080-exec-3] o.a.c.c.C.[Tomcat].[localhost].[/]       : Initializing Spring DispatcherServlet 'dispatcherServlet'
2023-06-09T08:46:36.876+07:00  INFO 22696 --- [http-nio-8080-exec-3] o.s.web.servlet.DispatcherServlet        : Initializing Servlet 'dispatcherServlet'
2023-06-09T08:46:37.376+07:00  INFO 22696 --- [http-nio-8080-exec-3] o.s.web.servlet.DispatcherServlet        : Completed initialization in 497 ms
2023-06-09T08:46:37.799+07:00  INFO 22696 --- [http-nio-8080-exec-1] c.e.ecommerce.security.JwtTokenFilter    : null
2023-06-09T08:46:37.799+07:00  INFO 22696 --- [http-nio-8080-exec-3] c.e.ecommerce.security.JwtTokenFilter    : null
2023-06-09T08:46:37.798+07:00  INFO 22696 --- [http-nio-8080-exec-4] c.e.ecommerce.security.JwtTokenFilter    : null
2023-06-09T08:46:37.799+07:00  INFO 22696 --- [http-nio-8080-exec-2] c.e.ecommerce.security.JwtTokenFilter    : null
2023-06-09T08:47:13.783+07:00  INFO 22696 --- [http-nio-8080-exec-9] c.e.ecommerce.security.JwtTokenFilter    : null
2023-06-09T08:47:13.815+07:00  INFO 22696 --- [http-nio-8080-exec-10] c.e.ecommerce.security.JwtTokenFilter    : null
2023-06-09T08:47:14.395+07:00  INFO 22696 --- [http-nio-8080-exec-3] c.e.ecommerce.security.JwtTokenFilter    : null
2023-06-09T08:47:14.406+07:00  INFO 22696 --- [http-nio-8080-exec-1] c.e.ecommerce.security.JwtTokenFilter    : null
2023-06-09T08:47:14.411+07:00  INFO 22696 --- [http-nio-8080-exec-2] c.e.ecommerce.security.JwtTokenFilter    : null
2023-06-09T08:47:14.416+07:00  INFO 22696 --- [http-nio-8080-exec-4] c.e.ecommerce.security.JwtTokenFilter    : null
2023-06-09T08:47:16.592+07:00  INFO 22696 --- [http-nio-8080-exec-6] c.e.ecommerce.security.JwtTokenFilter    : null
2023-06-09T08:47:21.097+07:00  INFO 22696 --- [http-nio-8080-exec-10] c.e.ecommerce.security.JwtTokenFilter    : null
2023-06-09T08:47:24.328+07:00  INFO 22696 --- [http-nio-8080-exec-3] c.e.ecommerce.security.JwtTokenFilter    : null
2023-06-09T08:47:24.341+07:00  INFO 22696 --- [http-nio-8080-exec-4] c.e.ecommerce.security.JwtTokenFilter    : null
2023-06-09T08:47:24.341+07:00  INFO 22696 --- [http-nio-8080-exec-2] c.e.ecommerce.security.JwtTokenFilter    : null
2023-06-09T08:47:24.342+07:00  INFO 22696 --- [http-nio-8080-exec-6] c.e.ecommerce.security.JwtTokenFilter    : null
2023-06-09T08:47:27.997+07:00  INFO 22696 --- [http-nio-8080-exec-9] c.e.ecommerce.security.JwtTokenFilter    : null
2023-06-09T08:47:30.933+07:00  INFO 22696 --- [http-nio-8080-exec-1] c.e.ecommerce.security.JwtTokenFilter    : null
2023-06-09T08:47:30.934+07:00  INFO 22696 --- [http-nio-8080-exec-3] c.e.ecommerce.security.JwtTokenFilter    : null
2023-06-09T08:47:30.934+07:00  INFO 22696 --- [http-nio-8080-exec-4] c.e.ecommerce.security.JwtTokenFilter    : null
2023-06-09T08:47:30.936+07:00  INFO 22696 --- [http-nio-8080-exec-6] c.e.ecommerce.security.JwtTokenFilter    : null
2023-06-09T08:48:45.710+07:00  INFO 22696 --- [http-nio-8080-exec-7] c.e.ecommerce.security.JwtTokenFilter    : null
2023-06-09T08:48:45.713+07:00  INFO 22696 --- [http-nio-8080-exec-10] c.e.ecommerce.security.JwtTokenFilter    : null
2023-06-09T08:48:45.714+07:00  INFO 22696 --- [http-nio-8080-exec-3] c.e.ecommerce.security.JwtTokenFilter    : null
2023-06-09T08:48:45.716+07:00  INFO 22696 --- [http-nio-8080-exec-4] c.e.ecommerce.security.JwtTokenFilter    : null
2023-06-09T08:48:46.904+07:00  INFO 22696 --- [http-nio-8080-exec-1] c.e.ecommerce.security.JwtTokenFilter    : null
2023-06-09T08:48:55.218+07:00  INFO 22696 --- [http-nio-8080-exec-9] c.e.ecommerce.security.JwtTokenFilter    : null
2023-06-09T08:48:58.876+07:00  INFO 22696 --- [http-nio-8080-exec-7] c.e.ecommerce.security.JwtTokenFilter    : null
2023-06-09T08:48:58.875+07:00  INFO 22696 --- [http-nio-8080-exec-10] c.e.ecommerce.security.JwtTokenFilter    : null
2023-06-09T08:48:58.879+07:00  INFO 22696 --- [http-nio-8080-exec-3] c.e.ecommerce.security.JwtTokenFilter    : null
2023-06-09T08:48:58.881+07:00  INFO 22696 --- [http-nio-8080-exec-1] c.e.ecommerce.security.JwtTokenFilter    : null
2023-06-09T08:49:29.844+07:00  INFO 22696 --- [http-nio-8080-exec-9] c.e.ecommerce.security.JwtTokenFilter    : null
2023-06-09T08:49:29.845+07:00  INFO 22696 --- [http-nio-8080-exec-4] c.e.ecommerce.security.JwtTokenFilter    : null
2023-06-09T08:49:29.853+07:00  INFO 22696 --- [http-nio-8080-exec-3] c.e.ecommerce.security.JwtTokenFilter    : null
2023-06-09T08:49:29.856+07:00  INFO 22696 --- [http-nio-8080-exec-10] c.e.ecommerce.security.JwtTokenFilter    : null
2023-06-09T08:49:31.137+07:00  INFO 22696 --- [http-nio-8080-exec-1] c.e.ecommerce.security.JwtTokenFilter    : null
2023-06-09T08:49:35.585+07:00  INFO 22696 --- [http-nio-8080-exec-7] c.e.ecommerce.security.JwtTokenFilter    : null
2023-06-09T08:50:35.433+07:00  INFO 22696 --- [http-nio-8080-exec-9] c.e.ecommerce.security.JwtTokenFilter    : null
2023-06-09T08:50:47.062+07:00  INFO 22696 --- [http-nio-8080-exec-3] c.e.ecommerce.security.JwtTokenFilter    : null
2023-06-09T08:50:51.793+07:00  INFO 22696 --- [http-nio-8080-exec-1] c.e.ecommerce.security.JwtTokenFilter    : null
2023-06-09T08:51:01.217+07:00  INFO 22696 --- [http-nio-8080-exec-8] c.e.ecommerce.security.JwtTokenFilter    : null
2023-06-09T08:51:25.910+07:00  INFO 22696 --- [http-nio-8080-exec-2] c.e.ecommerce.security.JwtTokenFilter    : null
2023-06-09T08:51:29.230+07:00  INFO 22696 --- [http-nio-8080-exec-5] c.e.ecommerce.security.JwtTokenFilter    : null
2023-06-09T08:51:34.583+07:00  INFO 22696 --- [http-nio-8080-exec-4] c.e.ecommerce.security.JwtTokenFilter    : null
2023-06-09T08:51:35.792+07:00  INFO 22696 --- [http-nio-8080-exec-3] c.e.ecommerce.security.JwtTokenFilter    : null
2023-06-09T08:51:38.307+07:00  INFO 22696 --- [http-nio-8080-exec-10] c.e.ecommerce.security.JwtTokenFilter    : null
2023-06-09T08:51:47.881+07:00  INFO 22696 --- [http-nio-8080-exec-7] c.e.ecommerce.security.JwtTokenFilter    : null
2023-06-09T08:51:51.926+07:00  INFO 22696 --- [http-nio-8080-exec-8] c.e.ecommerce.security.JwtTokenFilter    : null
2023-06-09T08:52:09.349+07:00  INFO 22696 --- [http-nio-8080-exec-2] c.e.ecommerce.security.JwtTokenFilter    : null
2023-06-09T08:52:28.773+07:00  INFO 22696 --- [http-nio-8080-exec-9] c.e.ecommerce.security.JwtTokenFilter    : null
2023-06-09T08:52:41.925+07:00  INFO 22696 --- [http-nio-8080-exec-3] c.e.ecommerce.security.JwtTokenFilter    : null
2023-06-09T08:52:45.106+07:00  INFO 22696 --- [http-nio-8080-exec-1] c.e.ecommerce.security.JwtTokenFilter    : null
2023-06-09T08:52:45.106+07:00  INFO 22696 --- [http-nio-8080-exec-7] c.e.ecommerce.security.JwtTokenFilter    : null
2023-06-09T08:52:45.116+07:00  INFO 22696 --- [http-nio-8080-exec-8] c.e.ecommerce.security.JwtTokenFilter    : null
2023-06-09T08:52:45.117+07:00  INFO 22696 --- [http-nio-8080-exec-6] c.e.ecommerce.security.JwtTokenFilter    : null
2023-06-09T08:53:56.000+07:00  INFO 22696 --- [http-nio-8080-exec-3] c.e.ecommerce.security.JwtTokenFilter    : null
2023-06-09T08:53:56.001+07:00  INFO 22696 --- [http-nio-8080-exec-6] c.e.ecommerce.security.JwtTokenFilter    : null
2023-06-09T08:53:56.001+07:00  INFO 22696 --- [http-nio-8080-exec-1] c.e.ecommerce.security.JwtTokenFilter    : null
2023-06-09T08:53:56.001+07:00  INFO 22696 --- [http-nio-8080-exec-10] c.e.ecommerce.security.JwtTokenFilter    : null
2023-06-09T08:53:59.086+07:00  INFO 22696 --- [http-nio-8080-exec-8] c.e.ecommerce.security.JwtTokenFilter    : null
2023-06-09T08:53:59.086+07:00  INFO 22696 --- [http-nio-8080-exec-7] c.e.ecommerce.security.JwtTokenFilter    : null
2023-06-09T08:53:59.086+07:00  INFO 22696 --- [http-nio-8080-exec-2] c.e.ecommerce.security.JwtTokenFilter    : null
2023-06-09T08:53:59.086+07:00  INFO 22696 --- [http-nio-8080-exec-9] c.e.ecommerce.security.JwtTokenFilter    : null
2023-06-09T08:54:01.920+07:00  INFO 22696 --- [http-nio-8080-exec-5] c.e.ecommerce.security.JwtTokenFilter    : null
2023-06-09T08:54:08.831+07:00  INFO 22696 --- [http-nio-8080-exec-4] c.e.ecommerce.security.JwtTokenFilter    : null
2023-06-09T08:54:08.836+07:00  INFO 22696 --- [http-nio-8080-exec-3] c.e.ecommerce.security.JwtTokenFilter    : null
2023-06-09T08:54:08.836+07:00  INFO 22696 --- [http-nio-8080-exec-6] c.e.ecommerce.security.JwtTokenFilter    : null
2023-06-09T08:54:08.837+07:00  INFO 22696 --- [http-nio-8080-exec-1] c.e.ecommerce.security.JwtTokenFilter    : null
2023-06-09T08:54:10.409+07:00  INFO 22696 --- [http-nio-8080-exec-10] c.e.ecommerce.security.JwtTokenFilter    : null
2023-06-09T08:54:14.406+07:00  INFO 22696 --- [http-nio-8080-exec-2] c.e.ecommerce.security.JwtTokenFilter    : null
2023-06-09T08:54:50.967+07:00  INFO 22696 --- [http-nio-8080-exec-7] c.e.ecommerce.security.JwtTokenFilter    : null
2023-06-09T08:55:11.076+07:00  INFO 22696 --- [http-nio-8080-exec-6] c.e.ecommerce.security.JwtTokenFilter    : null
2023-06-09T08:55:39.057+07:00  INFO 22696 --- [http-nio-8080-exec-4] c.e.ecommerce.security.JwtTokenFilter    : null
2023-06-09T08:56:00.884+07:00  INFO 22696 --- [http-nio-8080-exec-10] c.e.ecommerce.security.JwtTokenFilter    : null
2023-06-09T08:56:24.084+07:00  INFO 22696 --- [http-nio-8080-exec-2] c.e.ecommerce.security.JwtTokenFilter    : null
2023-06-09T08:56:43.657+07:00  INFO 22696 --- [http-nio-8080-exec-9] c.e.ecommerce.security.JwtTokenFilter    : null
2023-06-09T08:56:48.624+07:00  INFO 22696 --- [http-nio-8080-exec-5] c.e.ecommerce.security.JwtTokenFilter    : null
2023-06-09T08:57:28.905+07:00  INFO 22696 --- [http-nio-8080-exec-4] c.e.ecommerce.security.JwtTokenFilter    : null
2023-06-09T08:57:43.346+07:00  INFO 22696 --- [http-nio-8080-exec-10] c.e.ecommerce.security.JwtTokenFilter    : null
2023-06-09T08:58:31.651+07:00  INFO 22696 --- [http-nio-8080-exec-2] c.e.ecommerce.security.JwtTokenFilter    : null
2023-06-09T08:58:37.211+07:00  INFO 22696 --- [http-nio-8080-exec-7] c.e.ecommerce.security.JwtTokenFilter    : null
2023-06-09T08:59:29.242+07:00  INFO 22696 --- [http-nio-8080-exec-8] c.e.ecommerce.security.JwtTokenFilter    : null
2023-06-09T08:59:32.851+07:00  INFO 22696 --- [http-nio-8080-exec-6] c.e.ecommerce.security.JwtTokenFilter    : null
2023-06-09T08:59:45.757+07:00  INFO 22696 --- [http-nio-8080-exec-3] c.e.ecommerce.security.JwtTokenFilter    : null
2023-06-09T08:59:56.102+07:00  INFO 22696 --- [http-nio-8080-exec-10] c.e.ecommerce.security.JwtTokenFilter    : null
2023-06-09T09:00:01.999+07:00  INFO 22696 --- [http-nio-8080-exec-7] c.e.ecommerce.security.JwtTokenFilter    : null
2023-06-09T09:00:17.625+07:00  INFO 22696 --- [http-nio-8080-exec-5] c.e.ecommerce.security.JwtTokenFilter    : null
2023-06-09T09:00:20.135+07:00  INFO 22696 --- [http-nio-8080-exec-6] c.e.ecommerce.security.JwtTokenFilter    : null
2023-06-09T09:02:32.717+07:00  INFO 22696 --- [http-nio-8080-exec-3] c.e.ecommerce.security.JwtTokenFilter    : null
2023-06-09T09:02:38.784+07:00  INFO 22696 --- [http-nio-8080-exec-10] c.e.ecommerce.security.JwtTokenFilter    : null
2023-06-09T09:02:57.240+07:00  INFO 22696 --- [http-nio-8080-exec-7] c.e.ecommerce.security.JwtTokenFilter    : null
2023-06-09T09:02:59.555+07:00  INFO 22696 --- [http-nio-8080-exec-9] c.e.ecommerce.security.JwtTokenFilter    : null
2023-06-09T09:03:05.603+07:00  INFO 22696 --- [http-nio-8080-exec-8] c.e.ecommerce.security.JwtTokenFilter    : null
2023-06-09T09:03:07.587+07:00  INFO 22696 --- [http-nio-8080-exec-6] c.e.ecommerce.security.JwtTokenFilter    : null
2023-06-09T09:03:22.387+07:00  INFO 22696 --- [http-nio-8080-exec-3] c.e.ecommerce.security.JwtTokenFilter    : null
2023-06-09T09:03:41.974+07:00  INFO 22696 --- [http-nio-8080-exec-10] c.e.ecommerce.security.JwtTokenFilter    : null
2023-06-09T09:03:45.136+07:00  INFO 22696 --- [http-nio-8080-exec-7] c.e.ecommerce.security.JwtTokenFilter    : null
2023-06-09T09:03:48.702+07:00  INFO 22696 --- [http-nio-8080-exec-9] c.e.ecommerce.security.JwtTokenFilter    : null
2023-06-09T09:04:49.029+07:00  INFO 22696 --- [http-nio-8080-exec-8] c.e.ecommerce.security.JwtTokenFilter    : null
2023-06-09T09:04:54.318+07:00  INFO 22696 --- [http-nio-8080-exec-4] c.e.ecommerce.security.JwtTokenFilter    : null
2023-06-09T09:04:57.128+07:00  INFO 22696 --- [http-nio-8080-exec-3] c.e.ecommerce.security.JwtTokenFilter    : null
2023-06-09T09:05:02.402+07:00  INFO 22696 --- [http-nio-8080-exec-1] c.e.ecommerce.security.JwtTokenFilter    : null
2023-06-09T09:05:14.370+07:00  INFO 22696 --- [http-nio-8080-exec-10] c.e.ecommerce.security.JwtTokenFilter    : null
2023-06-09T09:05:18.190+07:00  INFO 22696 --- [http-nio-8080-exec-2] c.e.ecommerce.security.JwtTokenFilter    : null
2023-06-09T09:05:37.646+07:00  INFO 22696 --- [http-nio-8080-exec-7] c.e.ecommerce.security.JwtTokenFilter    : null
2023-06-09T09:05:41.553+07:00  INFO 22696 --- [http-nio-8080-exec-5] c.e.ecommerce.security.JwtTokenFilter    : null
2023-06-09T09:05:49.759+07:00  INFO 22696 --- [http-nio-8080-exec-8] c.e.ecommerce.security.JwtTokenFilter    : null
2023-06-09T09:05:58.097+07:00  INFO 22696 --- [http-nio-8080-exec-4] c.e.ecommerce.security.JwtTokenFilter    : null
2023-06-09T09:06:07.226+07:00  INFO 22696 --- [http-nio-8080-exec-1] c.e.ecommerce.security.JwtTokenFilter    : null
2023-06-09T09:06:12.204+07:00  INFO 22696 --- [http-nio-8080-exec-2] c.e.ecommerce.security.JwtTokenFilter    : null
2023-06-09T09:06:16.206+07:00  INFO 22696 --- [http-nio-8080-exec-7] c.e.ecommerce.security.JwtTokenFilter    : null
2023-06-09T09:06:16.211+07:00  INFO 22696 --- [http-nio-8080-exec-9] c.e.ecommerce.security.JwtTokenFilter    : null
2023-06-09T09:06:16.213+07:00  INFO 22696 --- [http-nio-8080-exec-5] c.e.ecommerce.security.JwtTokenFilter    : null
2023-06-09T09:06:16.214+07:00  INFO 22696 --- [http-nio-8080-exec-8] c.e.ecommerce.security.JwtTokenFilter    : null
2023-06-09T09:06:17.935+07:00  INFO 22696 --- [http-nio-8080-exec-6] c.e.ecommerce.security.JwtTokenFilter    : null
2023-06-09T09:06:21.595+07:00  INFO 22696 --- [http-nio-8080-exec-2] c.e.ecommerce.security.JwtTokenFilter    : null
2023-06-09T09:07:08.460+07:00  INFO 22696 --- [http-nio-8080-exec-9] c.e.ecommerce.security.JwtTokenFilter    : null
2023-06-09T09:07:20.826+07:00  INFO 22696 --- [http-nio-8080-exec-8] c.e.ecommerce.security.JwtTokenFilter    : null
2023-06-09T09:07:35.608+07:00  INFO 22696 --- [http-nio-8080-exec-10] c.e.ecommerce.security.JwtTokenFilter    : null
2023-06-09T09:07:40.252+07:00  INFO 22696 --- [http-nio-8080-exec-4] c.e.ecommerce.security.JwtTokenFilter    : null
2023-06-09T09:07:49.222+07:00  INFO 22696 --- [http-nio-8080-exec-3] c.e.ecommerce.security.JwtTokenFilter    : null
2023-06-09T09:08:43.713+07:00  INFO 22696 --- [http-nio-8080-exec-5] c.e.ecommerce.security.JwtTokenFilter    : null
2023-06-09T09:08:49.225+07:00  INFO 22696 --- [http-nio-8080-exec-7] c.e.ecommerce.security.JwtTokenFilter    : null
2023-06-09T09:09:00.830+07:00  INFO 22696 --- [http-nio-8080-exec-6] c.e.ecommerce.security.JwtTokenFilter    : null
2023-06-09T09:09:05.622+07:00  INFO 22696 --- [http-nio-8080-exec-4] c.e.ecommerce.security.JwtTokenFilter    : null
2023-06-09T09:11:11.499+07:00  INFO 22696 --- [http-nio-8080-exec-3] c.e.ecommerce.security.JwtTokenFilter    : null
2023-06-09T09:11:17.676+07:00  INFO 22696 --- [http-nio-8080-exec-5] c.e.ecommerce.security.JwtTokenFilter    : null
2023-06-09T09:11:48.182+07:00  INFO 22696 --- [http-nio-8080-exec-7] c.e.ecommerce.security.JwtTokenFilter    : null
2023-06-09T09:11:53.700+07:00  INFO 22696 --- [http-nio-8080-exec-6] c.e.ecommerce.security.JwtTokenFilter    : null
2023-06-09T09:12:51.222+07:00  INFO 22696 --- [http-nio-8080-exec-4] c.e.ecommerce.security.JwtTokenFilter    : null
2023-06-09T09:13:02.761+07:00  INFO 22696 --- [http-nio-8080-exec-3] c.e.ecommerce.security.JwtTokenFilter    : null
2023-06-09T09:13:04.759+07:00  INFO 22696 --- [http-nio-8080-exec-2] c.e.ecommerce.security.JwtTokenFilter    : null
2023-06-09T09:13:04.777+07:00  INFO 22696 --- [http-nio-8080-exec-5] c.e.ecommerce.security.JwtTokenFilter    : null
2023-06-09T09:13:09.042+07:00  INFO 22696 --- [http-nio-8080-exec-9] c.e.ecommerce.security.JwtTokenFilter    : null
2023-06-09T09:13:21.452+07:00  INFO 22696 --- [http-nio-8080-exec-8] c.e.ecommerce.security.JwtTokenFilter    : null
2023-06-09T09:13:24.786+07:00  INFO 22696 --- [http-nio-8080-exec-6] c.e.ecommerce.security.JwtTokenFilter    : null
2023-06-09T09:13:24.796+07:00  INFO 22696 --- [http-nio-8080-exec-10] c.e.ecommerce.security.JwtTokenFilter    : null
2023-06-09T09:13:27.596+07:00  INFO 22696 --- [http-nio-8080-exec-4] c.e.ecommerce.security.JwtTokenFilter    : null
2023-06-09T09:13:28.771+07:00  INFO 22696 --- [http-nio-8080-exec-1] c.e.ecommerce.security.JwtTokenFilter    : null
2023-06-09T09:13:28.775+07:00  INFO 22696 --- [http-nio-8080-exec-2] c.e.ecommerce.security.JwtTokenFilter    : null
2023-06-09T09:13:28.775+07:00  INFO 22696 --- [http-nio-8080-exec-3] c.e.ecommerce.security.JwtTokenFilter    : null
2023-06-09T09:13:28.777+07:00  INFO 22696 --- [http-nio-8080-exec-5] c.e.ecommerce.security.JwtTokenFilter    : null
2023-06-09T09:13:29.475+07:00  INFO 22696 --- [http-nio-8080-exec-9] c.e.ecommerce.security.JwtTokenFilter    : null
2023-06-09T09:13:29.479+07:00  INFO 22696 --- [http-nio-8080-exec-7] c.e.ecommerce.security.JwtTokenFilter    : null
2023-06-09T09:13:29.482+07:00  INFO 22696 --- [http-nio-8080-exec-8] c.e.ecommerce.security.JwtTokenFilter    : null
2023-06-09T09:13:29.484+07:00  INFO 22696 --- [http-nio-8080-exec-6] c.e.ecommerce.security.JwtTokenFilter    : null
2023-06-09T09:13:30.331+07:00  INFO 22696 --- [http-nio-8080-exec-10] c.e.ecommerce.security.JwtTokenFilter    : null
2023-06-09T09:13:30.334+07:00  INFO 22696 --- [http-nio-8080-exec-4] c.e.ecommerce.security.JwtTokenFilter    : null
2023-06-09T09:13:30.335+07:00  INFO 22696 --- [http-nio-8080-exec-1] c.e.ecommerce.security.JwtTokenFilter    : null
2023-06-09T09:13:30.337+07:00  INFO 22696 --- [http-nio-8080-exec-3] c.e.ecommerce.security.JwtTokenFilter    : null
2023-06-09T09:13:32.180+07:00  INFO 22696 --- [http-nio-8080-exec-9] c.e.ecommerce.security.JwtTokenFilter    : null
2023-06-09T09:13:37.958+07:00  INFO 22696 --- [http-nio-8080-exec-6] c.e.ecommerce.security.JwtTokenFilter    : null
2023-06-09T09:13:38.889+07:00  INFO 22696 --- [http-nio-8080-exec-1] c.e.ecommerce.security.JwtTokenFilter    : null
2023-06-09T09:14:03.809+07:00  INFO 22696 --- [http-nio-8080-exec-3] c.e.ecommerce.security.JwtTokenFilter    : null
2023-06-09T09:14:08.710+07:00  INFO 22696 --- [http-nio-8080-exec-2] c.e.ecommerce.security.JwtTokenFilter    : null
2023-06-09T09:16:16.199+07:00  INFO 22696 --- [http-nio-8080-exec-7] c.e.ecommerce.security.JwtTokenFilter    : null
2023-06-09T09:17:02.356+07:00  INFO 19268 --- [restartedMain] c.e.ecommerce.ECommerceApplication       : Starting ECommerceApplication using Java 17.0.6 with PID 19268 (D:\project_java\project\springboot\ecommerce\target\classes started by duy09 in D:\project_java\project\springboot\ecommerce)
2023-06-09T09:17:02.364+07:00  INFO 19268 --- [restartedMain] c.e.ecommerce.ECommerceApplication       : No active profile set, falling back to 1 default profile: "default"
2023-06-09T09:17:02.551+07:00  INFO 19268 --- [restartedMain] .e.DevToolsPropertyDefaultsPostProcessor : Devtools property defaults active! Set 'spring.devtools.add-properties' to 'false' to disable
2023-06-09T09:17:02.551+07:00  INFO 19268 --- [restartedMain] .e.DevToolsPropertyDefaultsPostProcessor : For additional web related logging consider setting the 'logging.level.web' property to 'DEBUG'
2023-06-09T09:17:05.263+07:00  INFO 19268 --- [restartedMain] .s.d.r.c.RepositoryConfigurationDelegate : Bootstrapping Spring Data JPA repositories in DEFAULT mode.
2023-06-09T09:17:05.485+07:00  INFO 19268 --- [restartedMain] .s.d.r.c.RepositoryConfigurationDelegate : Finished Spring Data repository scanning in 203 ms. Found 10 JPA repository interfaces.
2023-06-09T09:17:07.278+07:00  INFO 19268 --- [restartedMain] o.s.b.w.embedded.tomcat.TomcatWebServer  : Tomcat initialized with port(s): 8080 (http)
2023-06-09T09:17:07.299+07:00  INFO 19268 --- [restartedMain] o.apache.catalina.core.StandardService   : Starting service [Tomcat]
2023-06-09T09:17:07.299+07:00  INFO 19268 --- [restartedMain] o.apache.catalina.core.StandardEngine    : Starting Servlet engine: [Apache Tomcat/10.1.8]
2023-06-09T09:17:07.450+07:00  INFO 19268 --- [restartedMain] o.a.c.c.C.[Tomcat].[localhost].[/]       : Initializing Spring embedded WebApplicationContext
2023-06-09T09:17:07.452+07:00  INFO 19268 --- [restartedMain] w.s.c.ServletWebServerApplicationContext : Root WebApplicationContext: initialization completed in 4898 ms
2023-06-09T09:17:07.846+07:00  INFO 19268 --- [restartedMain] o.hibernate.jpa.internal.util.LogHelper  : HHH000204: Processing PersistenceUnitInfo [name: default]
2023-06-09T09:17:07.929+07:00  INFO 19268 --- [restartedMain] org.hibernate.Version                    : HHH000412: Hibernate ORM core version 6.1.7.Final
2023-06-09T09:17:08.392+07:00  INFO 19268 --- [restartedMain] com.zaxxer.hikari.HikariDataSource       : HikariPool-1 - Starting...
2023-06-09T09:17:09.084+07:00  INFO 19268 --- [restartedMain] com.zaxxer.hikari.pool.HikariPool        : HikariPool-1 - Added connection com.mysql.cj.jdbc.ConnectionImpl@7e789a2d
2023-06-09T09:17:09.091+07:00  INFO 19268 --- [restartedMain] com.zaxxer.hikari.HikariDataSource       : HikariPool-1 - Start completed.
2023-06-09T09:17:09.194+07:00  INFO 19268 --- [restartedMain] SQL dialect                              : HHH000400: Using dialect: org.hibernate.dialect.MySQL8Dialect
2023-06-09T09:17:09.201+07:00  WARN 19268 --- [restartedMain] org.hibernate.orm.deprecation            : HHH90000026: MySQL8Dialect has been deprecated; use org.hibernate.dialect.MySQLDialect instead
2023-06-09T09:17:13.259+07:00  INFO 19268 --- [restartedMain] o.h.e.t.j.p.i.JtaPlatformInitiator       : HHH000490: Using JtaPlatform implementation: [org.hibernate.engine.transaction.jta.platform.internal.NoJtaPlatform]
2023-06-09T09:17:13.275+07:00  INFO 19268 --- [restartedMain] j.LocalContainerEntityManagerFactoryBean : Initialized JPA EntityManagerFactory for persistence unit 'default'
2023-06-09T09:17:16.628+07:00  WARN 19268 --- [restartedMain] JpaBaseConfiguration$JpaWebConfiguration : spring.jpa.open-in-view is enabled by default. Therefore, database queries may be performed during view rendering. Explicitly configure spring.jpa.open-in-view to disable this warning
2023-06-09T09:17:17.990+07:00  INFO 19268 --- [restartedMain] o.s.s.web.DefaultSecurityFilterChain     : Will secure any request with [org.springframework.security.web.session.DisableEncodeUrlFilter@3af5bd39, org.springframework.security.web.context.request.async.WebAsyncManagerIntegrationFilter@590d5728, org.springframework.security.web.context.SecurityContextHolderFilter@1d9ccf72, org.springframework.security.web.header.HeaderWriterFilter@596397bd, org.springframework.security.web.authentication.logout.LogoutFilter@32dbfd8a, com.ecommerce.ecommerce.security.JwtTokenFilter@5edb22be, org.springframework.security.web.authentication.www.BasicAuthenticationFilter@166eaea9, org.springframework.security.web.savedrequest.RequestCacheAwareFilter@4de0bf4e, org.springframework.security.web.servletapi.SecurityContextHolderAwareRequestFilter@3cf50582, org.springframework.security.web.authentication.AnonymousAuthenticationFilter@26a17538, org.springframework.security.web.session.SessionManagementFilter@524b48ab, org.springframework.security.web.access.ExceptionTranslationFilter@426f7d0b, org.springframework.security.web.access.intercept.AuthorizationFilter@702388c2]
2023-06-09T09:17:19.348+07:00  INFO 19268 --- [restartedMain] o.s.b.d.a.OptionalLiveReloadServer       : LiveReload server is running on port 35729
2023-06-09T09:17:19.567+07:00  INFO 19268 --- [restartedMain] o.s.b.w.embedded.tomcat.TomcatWebServer  : Tomcat started on port(s): 8080 (http) with context path ''
2023-06-09T09:17:19.592+07:00  INFO 19268 --- [restartedMain] c.e.ecommerce.ECommerceApplication       : Started ECommerceApplication in 18.956 seconds (process running for 22.435)
2023-06-09T09:17:21.963+07:00  INFO 19268 --- [http-nio-8080-exec-4] o.a.c.c.C.[Tomcat].[localhost].[/]       : Initializing Spring DispatcherServlet 'dispatcherServlet'
2023-06-09T09:17:21.964+07:00  INFO 19268 --- [http-nio-8080-exec-4] o.s.web.servlet.DispatcherServlet        : Initializing Servlet 'dispatcherServlet'
2023-06-09T09:17:21.966+07:00  INFO 19268 --- [http-nio-8080-exec-4] o.s.web.servlet.DispatcherServlet        : Completed initialization in 1 ms
2023-06-09T09:17:22.000+07:00  INFO 19268 --- [http-nio-8080-exec-4] c.e.ecommerce.security.JwtTokenFilter    : null
2023-06-09T09:20:25.291+07:00  INFO 19268 --- [SpringApplicationShutdownHook] j.LocalContainerEntityManagerFactoryBean : Closing JPA EntityManagerFactory for persistence unit 'default'
2023-06-09T09:20:25.302+07:00  INFO 19268 --- [SpringApplicationShutdownHook] com.zaxxer.hikari.HikariDataSource       : HikariPool-1 - Shutdown initiated...
2023-06-09T09:20:25.333+07:00  INFO 19268 --- [SpringApplicationShutdownHook] com.zaxxer.hikari.HikariDataSource       : HikariPool-1 - Shutdown completed.
2023-06-09T09:20:32.142+07:00  INFO 20220 --- [restartedMain] c.e.ecommerce.ECommerceApplication       : Starting ECommerceApplication using Java 17.0.6 with PID 20220 (D:\project_java\project\springboot\ecommerce\target\classes started by duy09 in D:\project_java\project\springboot\ecommerce)
2023-06-09T09:20:32.147+07:00  INFO 20220 --- [restartedMain] c.e.ecommerce.ECommerceApplication       : No active profile set, falling back to 1 default profile: "default"
2023-06-09T09:20:32.241+07:00  INFO 20220 --- [restartedMain] .e.DevToolsPropertyDefaultsPostProcessor : Devtools property defaults active! Set 'spring.devtools.add-properties' to 'false' to disable
2023-06-09T09:20:32.241+07:00  INFO 20220 --- [restartedMain] .e.DevToolsPropertyDefaultsPostProcessor : For additional web related logging consider setting the 'logging.level.web' property to 'DEBUG'
2023-06-09T09:20:33.342+07:00  INFO 20220 --- [restartedMain] .s.d.r.c.RepositoryConfigurationDelegate : Bootstrapping Spring Data JPA repositories in DEFAULT mode.
2023-06-09T09:20:33.474+07:00  INFO 20220 --- [restartedMain] .s.d.r.c.RepositoryConfigurationDelegate : Finished Spring Data repository scanning in 117 ms. Found 10 JPA repository interfaces.
2023-06-09T09:20:34.362+07:00  INFO 20220 --- [restartedMain] o.s.b.w.embedded.tomcat.TomcatWebServer  : Tomcat initialized with port(s): 8080 (http)
2023-06-09T09:20:34.373+07:00  INFO 20220 --- [restartedMain] o.apache.catalina.core.StandardService   : Starting service [Tomcat]
2023-06-09T09:20:34.374+07:00  INFO 20220 --- [restartedMain] o.apache.catalina.core.StandardEngine    : Starting Servlet engine: [Apache Tomcat/10.1.8]
2023-06-09T09:20:34.447+07:00  INFO 20220 --- [restartedMain] o.a.c.c.C.[Tomcat].[localhost].[/]       : Initializing Spring embedded WebApplicationContext
2023-06-09T09:20:34.447+07:00  INFO 20220 --- [restartedMain] w.s.c.ServletWebServerApplicationContext : Root WebApplicationContext: initialization completed in 2204 ms
2023-06-09T09:20:34.652+07:00  INFO 20220 --- [restartedMain] o.hibernate.jpa.internal.util.LogHelper  : HHH000204: Processing PersistenceUnitInfo [name: default]
2023-06-09T09:20:34.726+07:00  INFO 20220 --- [restartedMain] org.hibernate.Version                    : HHH000412: Hibernate ORM core version 6.1.7.Final
2023-06-09T09:20:35.176+07:00  INFO 20220 --- [restartedMain] com.zaxxer.hikari.HikariDataSource       : HikariPool-1 - Starting...
2023-06-09T09:20:35.639+07:00  INFO 20220 --- [restartedMain] com.zaxxer.hikari.pool.HikariPool        : HikariPool-1 - Added connection com.mysql.cj.jdbc.ConnectionImpl@8eab3b9
2023-06-09T09:20:35.643+07:00  INFO 20220 --- [restartedMain] com.zaxxer.hikari.HikariDataSource       : HikariPool-1 - Start completed.
2023-06-09T09:20:35.669+07:00  INFO 20220 --- [restartedMain] SQL dialect                              : HHH000400: Using dialect: org.hibernate.dialect.MySQL8Dialect
2023-06-09T09:20:35.670+07:00  WARN 20220 --- [restartedMain] org.hibernate.orm.deprecation            : HHH90000026: MySQL8Dialect has been deprecated; use org.hibernate.dialect.MySQLDialect instead
2023-06-09T09:20:37.264+07:00  INFO 20220 --- [restartedMain] o.h.e.t.j.p.i.JtaPlatformInitiator       : HHH000490: Using JtaPlatform implementation: [org.hibernate.engine.transaction.jta.platform.internal.NoJtaPlatform]
2023-06-09T09:20:37.277+07:00  INFO 20220 --- [restartedMain] j.LocalContainerEntityManagerFactoryBean : Initialized JPA EntityManagerFactory for persistence unit 'default'
2023-06-09T09:20:38.678+07:00  WARN 20220 --- [restartedMain] JpaBaseConfiguration$JpaWebConfiguration : spring.jpa.open-in-view is enabled by default. Therefore, database queries may be performed during view rendering. Explicitly configure spring.jpa.open-in-view to disable this warning
2023-06-09T09:20:39.195+07:00  INFO 20220 --- [restartedMain] o.s.s.web.DefaultSecurityFilterChain     : Will secure any request with [org.springframework.security.web.session.DisableEncodeUrlFilter@69783bbf, org.springframework.security.web.context.request.async.WebAsyncManagerIntegrationFilter@ca1e8fd, org.springframework.security.web.context.SecurityContextHolderFilter@13ce2fb2, org.springframework.security.web.header.HeaderWriterFilter@2b7f1928, org.springframework.security.web.authentication.logout.LogoutFilter@4029e8fc, com.ecommerce.ecommerce.security.JwtTokenFilter@5007c957, org.springframework.security.web.authentication.www.BasicAuthenticationFilter@25680a9f, org.springframework.security.web.savedrequest.RequestCacheAwareFilter@6b2f091a, org.springframework.security.web.servletapi.SecurityContextHolderAwareRequestFilter@2b72b70a, org.springframework.security.web.authentication.AnonymousAuthenticationFilter@71bac9d4, org.springframework.security.web.session.SessionManagementFilter@491edaf5, org.springframework.security.web.access.ExceptionTranslationFilter@73051499, org.springframework.security.web.access.intercept.AuthorizationFilter@7f336c61]
2023-06-09T09:20:39.590+07:00  INFO 20220 --- [restartedMain] o.s.b.d.a.OptionalLiveReloadServer       : LiveReload server is running on port 35729
2023-06-09T09:20:39.639+07:00  INFO 20220 --- [restartedMain] o.s.b.w.embedded.tomcat.TomcatWebServer  : Tomcat started on port(s): 8080 (http) with context path ''
2023-06-09T09:20:39.649+07:00  INFO 20220 --- [restartedMain] c.e.ecommerce.ECommerceApplication       : Started ECommerceApplication in 8.163 seconds (process running for 10.533)
2023-06-09T09:20:48.598+07:00  INFO 20220 --- [http-nio-8080-exec-3] o.a.c.c.C.[Tomcat].[localhost].[/]       : Initializing Spring DispatcherServlet 'dispatcherServlet'
2023-06-09T09:20:48.599+07:00  INFO 20220 --- [http-nio-8080-exec-3] o.s.web.servlet.DispatcherServlet        : Initializing Servlet 'dispatcherServlet'
2023-06-09T09:20:48.600+07:00  INFO 20220 --- [http-nio-8080-exec-3] o.s.web.servlet.DispatcherServlet        : Completed initialization in 1 ms
2023-06-09T09:20:48.620+07:00  INFO 20220 --- [http-nio-8080-exec-3] c.e.ecommerce.security.JwtTokenFilter    : null
2023-06-09T09:21:33.634+07:00  WARN 20220 --- [HikariPool-1 housekeeper] com.zaxxer.hikari.pool.HikariPool        : HikariPool-1 - Thread starvation or clock leap detected (housekeeper delta=57s819ms791µs).
2023-06-09T09:21:34.623+07:00  INFO 20220 --- [SpringApplicationShutdownHook] j.LocalContainerEntityManagerFactoryBean : Closing JPA EntityManagerFactory for persistence unit 'default'
2023-06-09T09:21:34.631+07:00  INFO 20220 --- [SpringApplicationShutdownHook] com.zaxxer.hikari.HikariDataSource       : HikariPool-1 - Shutdown initiated...
2023-06-09T09:21:34.652+07:00  INFO 20220 --- [SpringApplicationShutdownHook] com.zaxxer.hikari.HikariDataSource       : HikariPool-1 - Shutdown completed.
2023-06-09T09:21:44.026+07:00  INFO 12024 --- [restartedMain] c.e.ecommerce.ECommerceApplication       : Starting ECommerceApplication using Java 17.0.6 with PID 12024 (D:\project_java\project\springboot\ecommerce\target\classes started by duy09 in D:\project_java\project\springboot\ecommerce)
2023-06-09T09:21:44.042+07:00  INFO 12024 --- [restartedMain] c.e.ecommerce.ECommerceApplication       : No active profile set, falling back to 1 default profile: "default"
2023-06-09T09:21:44.271+07:00  INFO 12024 --- [restartedMain] .e.DevToolsPropertyDefaultsPostProcessor : Devtools property defaults active! Set 'spring.devtools.add-properties' to 'false' to disable
2023-06-09T09:21:44.271+07:00  INFO 12024 --- [restartedMain] .e.DevToolsPropertyDefaultsPostProcessor : For additional web related logging consider setting the 'logging.level.web' property to 'DEBUG'
2023-06-09T09:21:47.697+07:00  INFO 12024 --- [restartedMain] .s.d.r.c.RepositoryConfigurationDelegate : Bootstrapping Spring Data JPA repositories in DEFAULT mode.
2023-06-09T09:21:47.918+07:00  INFO 12024 --- [restartedMain] .s.d.r.c.RepositoryConfigurationDelegate : Finished Spring Data repository scanning in 205 ms. Found 10 JPA repository interfaces.
2023-06-09T09:21:49.336+07:00  INFO 12024 --- [restartedMain] o.s.b.w.embedded.tomcat.TomcatWebServer  : Tomcat initialized with port(s): 8080 (http)
2023-06-09T09:21:49.360+07:00  INFO 12024 --- [restartedMain] o.apache.catalina.core.StandardService   : Starting service [Tomcat]
2023-06-09T09:21:49.360+07:00  INFO 12024 --- [restartedMain] o.apache.catalina.core.StandardEngine    : Starting Servlet engine: [Apache Tomcat/10.1.8]
2023-06-09T09:21:49.496+07:00  INFO 12024 --- [restartedMain] o.a.c.c.C.[Tomcat].[localhost].[/]       : Initializing Spring embedded WebApplicationContext
2023-06-09T09:21:49.497+07:00  INFO 12024 --- [restartedMain] w.s.c.ServletWebServerApplicationContext : Root WebApplicationContext: initialization completed in 5224 ms
2023-06-09T09:21:49.832+07:00  INFO 12024 --- [restartedMain] o.hibernate.jpa.internal.util.LogHelper  : HHH000204: Processing PersistenceUnitInfo [name: default]
2023-06-09T09:21:49.971+07:00  INFO 12024 --- [restartedMain] org.hibernate.Version                    : HHH000412: Hibernate ORM core version 6.1.7.Final
2023-06-09T09:21:50.689+07:00  INFO 12024 --- [restartedMain] com.zaxxer.hikari.HikariDataSource       : HikariPool-1 - Starting...
2023-06-09T09:21:51.845+07:00  INFO 12024 --- [restartedMain] com.zaxxer.hikari.pool.HikariPool        : HikariPool-1 - Added connection com.mysql.cj.jdbc.ConnectionImpl@7d825888
2023-06-09T09:21:51.852+07:00  INFO 12024 --- [restartedMain] com.zaxxer.hikari.HikariDataSource       : HikariPool-1 - Start completed.
2023-06-09T09:21:51.885+07:00  INFO 12024 --- [restartedMain] SQL dialect                              : HHH000400: Using dialect: org.hibernate.dialect.MySQL8Dialect
2023-06-09T09:21:51.887+07:00  WARN 12024 --- [restartedMain] org.hibernate.orm.deprecation            : HHH90000026: MySQL8Dialect has been deprecated; use org.hibernate.dialect.MySQLDialect instead
2023-06-09T09:21:53.953+07:00  INFO 12024 --- [restartedMain] o.h.e.t.j.p.i.JtaPlatformInitiator       : HHH000490: Using JtaPlatform implementation: [org.hibernate.engine.transaction.jta.platform.internal.NoJtaPlatform]
2023-06-09T09:21:53.967+07:00  INFO 12024 --- [restartedMain] j.LocalContainerEntityManagerFactoryBean : Initialized JPA EntityManagerFactory for persistence unit 'default'
2023-06-09T09:21:55.605+07:00  WARN 12024 --- [restartedMain] JpaBaseConfiguration$JpaWebConfiguration : spring.jpa.open-in-view is enabled by default. Therefore, database queries may be performed during view rendering. Explicitly configure spring.jpa.open-in-view to disable this warning
2023-06-09T09:21:56.190+07:00  INFO 12024 --- [restartedMain] o.s.s.web.DefaultSecurityFilterChain     : Will secure any request with [org.springframework.security.web.session.DisableEncodeUrlFilter@743f4063, org.springframework.security.web.context.request.async.WebAsyncManagerIntegrationFilter@578bcdf6, org.springframework.security.web.context.SecurityContextHolderFilter@6dee5b0b, org.springframework.security.web.header.HeaderWriterFilter@7004c508, org.springframework.security.web.authentication.logout.LogoutFilter@3cd6d107, com.ecommerce.ecommerce.security.JwtTokenFilter@7ed91e74, org.springframework.security.web.authentication.www.BasicAuthenticationFilter@1e37b416, org.springframework.security.web.savedrequest.RequestCacheAwareFilter@3a319c6, org.springframework.security.web.servletapi.SecurityContextHolderAwareRequestFilter@7e82e12d, org.springframework.security.web.authentication.AnonymousAuthenticationFilter@5bbebdef, org.springframework.security.web.session.SessionManagementFilter@74edd2e3, org.springframework.security.web.access.ExceptionTranslationFilter@5ef5ac5c, org.springframework.security.web.access.intercept.AuthorizationFilter@2fb19c62]
2023-06-09T09:21:56.686+07:00  INFO 12024 --- [restartedMain] o.s.b.d.a.OptionalLiveReloadServer       : LiveReload server is running on port 35729
2023-06-09T09:21:56.751+07:00  INFO 12024 --- [restartedMain] o.s.b.w.embedded.tomcat.TomcatWebServer  : Tomcat started on port(s): 8080 (http) with context path ''
2023-06-09T09:21:56.762+07:00  INFO 12024 --- [restartedMain] c.e.ecommerce.ECommerceApplication       : Started ECommerceApplication in 14.983 seconds (process running for 18.457)
2023-06-09T09:22:02.367+07:00  INFO 12024 --- [http-nio-8080-exec-1] o.a.c.c.C.[Tomcat].[localhost].[/]       : Initializing Spring DispatcherServlet 'dispatcherServlet'
2023-06-09T09:22:02.368+07:00  INFO 12024 --- [http-nio-8080-exec-1] o.s.web.servlet.DispatcherServlet        : Initializing Servlet 'dispatcherServlet'
2023-06-09T09:22:02.371+07:00  INFO 12024 --- [http-nio-8080-exec-1] o.s.web.servlet.DispatcherServlet        : Completed initialization in 3 ms
2023-06-09T09:22:02.392+07:00  INFO 12024 --- [http-nio-8080-exec-1] c.e.ecommerce.security.JwtTokenFilter    : null
2023-06-09T09:22:41.564+07:00  WARN 12024 --- [HikariPool-1 housekeeper] com.zaxxer.hikari.pool.HikariPool        : HikariPool-1 - Thread starvation or clock leap detected (housekeeper delta=49s600ms688µs200ns).
2023-06-09T09:22:41.572+07:00  INFO 12024 --- [http-nio-8080-exec-6] c.e.ecommerce.security.JwtTokenFilter    : null
2023-06-09T09:22:41.572+07:00  INFO 12024 --- [http-nio-8080-exec-4] c.e.ecommerce.security.JwtTokenFilter    : null
2023-06-09T09:23:18.341+07:00  INFO 7004 --- [restartedMain] c.e.ecommerce.ECommerceApplication       : Starting ECommerceApplication using Java 17.0.6 with PID 7004 (D:\project_java\project\springboot\ecommerce\target\classes started by duy09 in D:\project_java\project\springboot\ecommerce)
2023-06-09T09:23:18.345+07:00  INFO 7004 --- [restartedMain] c.e.ecommerce.ECommerceApplication       : No active profile set, falling back to 1 default profile: "default"
2023-06-09T09:23:18.421+07:00  INFO 7004 --- [restartedMain] .e.DevToolsPropertyDefaultsPostProcessor : Devtools property defaults active! Set 'spring.devtools.add-properties' to 'false' to disable
2023-06-09T09:23:18.422+07:00  INFO 7004 --- [restartedMain] .e.DevToolsPropertyDefaultsPostProcessor : For additional web related logging consider setting the 'logging.level.web' property to 'DEBUG'
2023-06-09T09:23:19.876+07:00  INFO 7004 --- [restartedMain] .s.d.r.c.RepositoryConfigurationDelegate : Bootstrapping Spring Data JPA repositories in DEFAULT mode.
2023-06-09T09:23:20.104+07:00  INFO 7004 --- [restartedMain] .s.d.r.c.RepositoryConfigurationDelegate : Finished Spring Data repository scanning in 217 ms. Found 10 JPA repository interfaces.
2023-06-09T09:23:21.073+07:00  INFO 7004 --- [restartedMain] o.s.b.w.embedded.tomcat.TomcatWebServer  : Tomcat initialized with port(s): 8080 (http)
2023-06-09T09:23:21.089+07:00  INFO 7004 --- [restartedMain] o.apache.catalina.core.StandardService   : Starting service [Tomcat]
2023-06-09T09:23:21.089+07:00  INFO 7004 --- [restartedMain] o.apache.catalina.core.StandardEngine    : Starting Servlet engine: [Apache Tomcat/10.1.8]
2023-06-09T09:23:21.179+07:00  INFO 7004 --- [restartedMain] o.a.c.c.C.[Tomcat].[localhost].[/]       : Initializing Spring embedded WebApplicationContext
2023-06-09T09:23:21.179+07:00  INFO 7004 --- [restartedMain] w.s.c.ServletWebServerApplicationContext : Root WebApplicationContext: initialization completed in 2756 ms
2023-06-09T09:23:21.428+07:00  INFO 7004 --- [restartedMain] o.hibernate.jpa.internal.util.LogHelper  : HHH000204: Processing PersistenceUnitInfo [name: default]
2023-06-09T09:23:21.516+07:00  INFO 7004 --- [restartedMain] org.hibernate.Version                    : HHH000412: Hibernate ORM core version 6.1.7.Final
2023-06-09T09:23:22.034+07:00  INFO 7004 --- [restartedMain] com.zaxxer.hikari.HikariDataSource       : HikariPool-1 - Starting...
2023-06-09T09:23:22.583+07:00  INFO 7004 --- [restartedMain] com.zaxxer.hikari.pool.HikariPool        : HikariPool-1 - Added connection com.mysql.cj.jdbc.ConnectionImpl@2b686586
2023-06-09T09:23:22.591+07:00  INFO 7004 --- [restartedMain] com.zaxxer.hikari.HikariDataSource       : HikariPool-1 - Start completed.
2023-06-09T09:23:22.638+07:00  INFO 7004 --- [restartedMain] SQL dialect                              : HHH000400: Using dialect: org.hibernate.dialect.MySQL8Dialect
2023-06-09T09:23:22.642+07:00  WARN 7004 --- [restartedMain] org.hibernate.orm.deprecation            : HHH90000026: MySQL8Dialect has been deprecated; use org.hibernate.dialect.MySQLDialect instead
2023-06-09T09:23:24.775+07:00  INFO 7004 --- [restartedMain] o.h.e.t.j.p.i.JtaPlatformInitiator       : HHH000490: Using JtaPlatform implementation: [org.hibernate.engine.transaction.jta.platform.internal.NoJtaPlatform]
2023-06-09T09:23:24.791+07:00  INFO 7004 --- [restartedMain] j.LocalContainerEntityManagerFactoryBean : Initialized JPA EntityManagerFactory for persistence unit 'default'
2023-06-09T09:23:26.318+07:00  WARN 7004 --- [restartedMain] JpaBaseConfiguration$JpaWebConfiguration : spring.jpa.open-in-view is enabled by default. Therefore, database queries may be performed during view rendering. Explicitly configure spring.jpa.open-in-view to disable this warning
2023-06-09T09:23:26.861+07:00  INFO 7004 --- [restartedMain] o.s.s.web.DefaultSecurityFilterChain     : Will secure any request with [org.springframework.security.web.session.DisableEncodeUrlFilter@267af70e, org.springframework.security.web.context.request.async.WebAsyncManagerIntegrationFilter@21f77294, org.springframework.security.web.context.SecurityContextHolderFilter@23a512aa, org.springframework.security.web.header.HeaderWriterFilter@36967ed, org.springframework.security.web.authentication.logout.LogoutFilter@1a1c8dfb, com.ecommerce.ecommerce.security.JwtTokenFilter@36d087ba, org.springframework.security.web.authentication.www.BasicAuthenticationFilter@4d06b4e, org.springframework.security.web.savedrequest.RequestCacheAwareFilter@33107fa1, org.springframework.security.web.servletapi.SecurityContextHolderAwareRequestFilter@406aa660, org.springframework.security.web.authentication.AnonymousAuthenticationFilter@6d89e64a, org.springframework.security.web.session.SessionManagementFilter@4d2dfd62, org.springframework.security.web.access.ExceptionTranslationFilter@196f69f3, org.springframework.security.web.access.intercept.AuthorizationFilter@36c95797]
2023-06-09T09:23:27.305+07:00  INFO 7004 --- [restartedMain] o.s.b.d.a.OptionalLiveReloadServer       : LiveReload server is running on port 35729
2023-06-09T09:23:27.363+07:00  INFO 7004 --- [restartedMain] o.s.b.w.embedded.tomcat.TomcatWebServer  : Tomcat started on port(s): 8080 (http) with context path ''
2023-06-09T09:23:27.377+07:00  INFO 7004 --- [restartedMain] c.e.ecommerce.ECommerceApplication       : Started ECommerceApplication in 9.891 seconds (process running for 12.145)
2023-06-09T09:23:31.018+07:00  INFO 7004 --- [http-nio-8080-exec-1] o.a.c.c.C.[Tomcat].[localhost].[/]       : Initializing Spring DispatcherServlet 'dispatcherServlet'
2023-06-09T09:23:31.020+07:00  INFO 7004 --- [http-nio-8080-exec-1] o.s.web.servlet.DispatcherServlet        : Initializing Servlet 'dispatcherServlet'
2023-06-09T09:23:31.023+07:00  INFO 7004 --- [http-nio-8080-exec-1] o.s.web.servlet.DispatcherServlet        : Completed initialization in 3 ms
2023-06-09T09:23:31.043+07:00  INFO 7004 --- [http-nio-8080-exec-1] c.e.ecommerce.security.JwtTokenFilter    : null
2023-06-09T09:24:02.185+07:00  INFO 7004 --- [http-nio-8080-exec-5] c.e.ecommerce.security.JwtTokenFilter    : null
2023-06-09T09:24:02.499+07:00  INFO 7004 --- [SpringApplicationShutdownHook] j.LocalContainerEntityManagerFactoryBean : Closing JPA EntityManagerFactory for persistence unit 'default'
2023-06-09T09:24:02.521+07:00  INFO 7004 --- [SpringApplicationShutdownHook] com.zaxxer.hikari.HikariDataSource       : HikariPool-1 - Shutdown initiated...
2023-06-09T09:24:02.655+07:00  INFO 7004 --- [SpringApplicationShutdownHook] com.zaxxer.hikari.HikariDataSource       : HikariPool-1 - Shutdown completed.
