2023-05-16T08:05:22.070+07:00  INFO 2204 --- [restartedMain] c.m.m.ManagefriendsApplication           : Starting ManagefriendsApplication using Java 17.0.6 with PID 2204 (D:\project_java\project\springboot\managefriends\target\classes started by duy09 in D:\project_java\project\springboot\managefriends)
2023-05-16T08:05:22.090+07:00  INFO 2204 --- [restartedMain] c.m.m.ManagefriendsApplication           : No active profile set, falling back to 1 default profile: "default"
2023-05-16T08:05:22.195+07:00  INFO 2204 --- [restartedMain] .e.DevToolsPropertyDefaultsPostProcessor : Devtools property defaults active! Set 'spring.devtools.add-properties' to 'false' to disable
2023-05-16T08:05:22.195+07:00  INFO 2204 --- [restartedMain] .e.DevToolsPropertyDefaultsPostProcessor : For additional web related logging consider setting the 'logging.level.web' property to 'DEBUG'
2023-05-16T08:05:23.505+07:00  INFO 2204 --- [restartedMain] .s.d.r.c.RepositoryConfigurationDelegate : Bootstrapping Spring Data JPA repositories in DEFAULT mode.
2023-05-16T08:05:23.638+07:00  INFO 2204 --- [restartedMain] .s.d.r.c.RepositoryConfigurationDelegate : Finished Spring Data repository scanning in 116 ms. Found 1 JPA repository interfaces.
2023-05-16T08:05:24.895+07:00  INFO 2204 --- [restartedMain] o.s.b.w.embedded.tomcat.TomcatWebServer  : Tomcat initialized with port(s): 8080 (http)
2023-05-16T08:05:24.919+07:00  INFO 2204 --- [restartedMain] o.apache.catalina.core.StandardService   : Starting service [Tomcat]
2023-05-16T08:05:24.919+07:00  INFO 2204 --- [restartedMain] o.apache.catalina.core.StandardEngine    : Starting Servlet engine: [Apache Tomcat/10.1.8]
2023-05-16T08:05:25.101+07:00  INFO 2204 --- [restartedMain] o.a.c.c.C.[Tomcat].[localhost].[/]       : Initializing Spring embedded WebApplicationContext
2023-05-16T08:05:25.101+07:00  INFO 2204 --- [restartedMain] w.s.c.ServletWebServerApplicationContext : Root WebApplicationContext: initialization completed in 2906 ms
2023-05-16T08:05:25.177+07:00  INFO 2204 --- [restartedMain] com.zaxxer.hikari.HikariDataSource       : HikariPool-1 - Starting...
2023-05-16T08:05:26.035+07:00  INFO 2204 --- [restartedMain] com.zaxxer.hikari.pool.HikariPool        : HikariPool-1 - Added connection com.mysql.cj.jdbc.ConnectionImpl@525ec778
2023-05-16T08:05:26.039+07:00  INFO 2204 --- [restartedMain] com.zaxxer.hikari.HikariDataSource       : HikariPool-1 - Start completed.
2023-05-16T08:05:26.063+07:00  INFO 2204 --- [restartedMain] o.s.b.a.h2.H2ConsoleAutoConfiguration    : H2 console available at '/h2-console'. Database available at 'jdbc:mysql://localhost:3306/managefriend'
2023-05-16T08:05:26.435+07:00  INFO 2204 --- [restartedMain] o.hibernate.jpa.internal.util.LogHelper  : HHH000204: Processing PersistenceUnitInfo [name: default]
2023-05-16T08:05:26.604+07:00  INFO 2204 --- [restartedMain] org.hibernate.Version                    : HHH000412: Hibernate ORM core version 6.1.7.Final
2023-05-16T08:05:27.220+07:00  INFO 2204 --- [restartedMain] SQL dialect                              : HHH000400: Using dialect: org.hibernate.dialect.MySQL8Dialect
2023-05-16T08:05:27.220+07:00  WARN 2204 --- [restartedMain] org.hibernate.orm.deprecation            : HHH90000026: MySQL8Dialect has been deprecated; use org.hibernate.dialect.MySQLDialect instead
2023-05-16T08:05:29.379+07:00  INFO 2204 --- [restartedMain] o.h.e.t.j.p.i.JtaPlatformInitiator       : HHH000490: Using JtaPlatform implementation: [org.hibernate.engine.transaction.jta.platform.internal.NoJtaPlatform]
2023-05-16T08:05:29.403+07:00  INFO 2204 --- [restartedMain] j.LocalContainerEntityManagerFactoryBean : Initialized JPA EntityManagerFactory for persistence unit 'default'
2023-05-16T08:05:30.282+07:00  WARN 2204 --- [restartedMain] JpaBaseConfiguration$JpaWebConfiguration : spring.jpa.open-in-view is enabled by default. Therefore, database queries may be performed during view rendering. Explicitly configure spring.jpa.open-in-view to disable this warning
2023-05-16T08:05:31.046+07:00  INFO 2204 --- [restartedMain] o.s.b.d.a.OptionalLiveReloadServer       : LiveReload server is running on port 35729
2023-05-16T08:05:31.138+07:00  INFO 2204 --- [restartedMain] o.s.b.w.embedded.tomcat.TomcatWebServer  : Tomcat started on port(s): 8080 (http) with context path ''
2023-05-16T08:05:31.166+07:00  INFO 2204 --- [restartedMain] c.m.m.ManagefriendsApplication           : Started ManagefriendsApplication in 10.65 seconds (process running for 13.316)
2023-05-16T08:19:15.818+07:00  INFO 2204 --- [http-nio-8080-exec-1] o.a.c.c.C.[Tomcat].[localhost].[/]       : Initializing Spring DispatcherServlet 'dispatcherServlet'
2023-05-16T08:19:15.838+07:00  INFO 2204 --- [http-nio-8080-exec-1] o.s.web.servlet.DispatcherServlet        : Initializing Servlet 'dispatcherServlet'
2023-05-16T08:19:16.041+07:00  INFO 2204 --- [http-nio-8080-exec-1] o.s.web.servlet.DispatcherServlet        : Completed initialization in 203 ms
2023-05-16T12:13:04.874+07:00  INFO 14748 --- [restartedMain] c.m.m.ManagefriendsApplication           : Starting ManagefriendsApplication using Java 17.0.6 with PID 14748 (D:\project_java\project\springboot\managefriends\target\classes started by duy09 in D:\project_java\project\springboot\managefriends)
2023-05-16T12:13:04.880+07:00  INFO 14748 --- [restartedMain] c.m.m.ManagefriendsApplication           : No active profile set, falling back to 1 default profile: "default"
2023-05-16T12:13:05.049+07:00  INFO 14748 --- [restartedMain] .e.DevToolsPropertyDefaultsPostProcessor : Devtools property defaults active! Set 'spring.devtools.add-properties' to 'false' to disable
2023-05-16T12:13:05.050+07:00  INFO 14748 --- [restartedMain] .e.DevToolsPropertyDefaultsPostProcessor : For additional web related logging consider setting the 'logging.level.web' property to 'DEBUG'
2023-05-16T12:13:06.935+07:00  INFO 14748 --- [restartedMain] .s.d.r.c.RepositoryConfigurationDelegate : Bootstrapping Spring Data JPA repositories in DEFAULT mode.
2023-05-16T12:13:07.105+07:00  INFO 14748 --- [restartedMain] .s.d.r.c.RepositoryConfigurationDelegate : Finished Spring Data repository scanning in 149 ms. Found 1 JPA repository interfaces.
2023-05-16T12:13:08.251+07:00  INFO 14748 --- [restartedMain] o.s.b.w.embedded.tomcat.TomcatWebServer  : Tomcat initialized with port(s): 8080 (http)
2023-05-16T12:13:08.286+07:00  INFO 14748 --- [restartedMain] o.apache.catalina.core.StandardService   : Starting service [Tomcat]
2023-05-16T12:13:08.287+07:00  INFO 14748 --- [restartedMain] o.apache.catalina.core.StandardEngine    : Starting Servlet engine: [Apache Tomcat/10.1.8]
2023-05-16T12:13:08.416+07:00  INFO 14748 --- [restartedMain] o.a.c.c.C.[Tomcat].[localhost].[/]       : Initializing Spring embedded WebApplicationContext
2023-05-16T12:13:08.417+07:00  INFO 14748 --- [restartedMain] w.s.c.ServletWebServerApplicationContext : Root WebApplicationContext: initialization completed in 3365 ms
2023-05-16T12:13:08.474+07:00  INFO 14748 --- [restartedMain] com.zaxxer.hikari.HikariDataSource       : HikariPool-1 - Starting...
2023-05-16T12:13:09.420+07:00  INFO 14748 --- [restartedMain] com.zaxxer.hikari.pool.HikariPool        : HikariPool-1 - Added connection com.mysql.cj.jdbc.ConnectionImpl@55a9d351
2023-05-16T12:13:09.427+07:00  INFO 14748 --- [restartedMain] com.zaxxer.hikari.HikariDataSource       : HikariPool-1 - Start completed.
2023-05-16T12:13:09.443+07:00  INFO 14748 --- [restartedMain] o.s.b.a.h2.H2ConsoleAutoConfiguration    : H2 console available at '/h2-console'. Database available at 'jdbc:mysql://localhost:3306/managefriend'
2023-05-16T12:13:09.644+07:00  INFO 14748 --- [restartedMain] o.hibernate.jpa.internal.util.LogHelper  : HHH000204: Processing PersistenceUnitInfo [name: default]
2023-05-16T12:13:09.760+07:00  INFO 14748 --- [restartedMain] org.hibernate.Version                    : HHH000412: Hibernate ORM core version 6.1.7.Final
2023-05-16T12:13:10.303+07:00  INFO 14748 --- [restartedMain] SQL dialect                              : HHH000400: Using dialect: org.hibernate.dialect.MySQL8Dialect
2023-05-16T12:13:10.305+07:00  WARN 14748 --- [restartedMain] org.hibernate.orm.deprecation            : HHH90000026: MySQL8Dialect has been deprecated; use org.hibernate.dialect.MySQLDialect instead
2023-05-16T12:13:11.181+07:00  INFO 14748 --- [restartedMain] o.h.e.t.j.p.i.JtaPlatformInitiator       : HHH000490: Using JtaPlatform implementation: [org.hibernate.engine.transaction.jta.platform.internal.NoJtaPlatform]
2023-05-16T12:13:11.191+07:00  INFO 14748 --- [restartedMain] j.LocalContainerEntityManagerFactoryBean : Initialized JPA EntityManagerFactory for persistence unit 'default'
2023-05-16T12:13:11.568+07:00  WARN 14748 --- [restartedMain] JpaBaseConfiguration$JpaWebConfiguration : spring.jpa.open-in-view is enabled by default. Therefore, database queries may be performed during view rendering. Explicitly configure spring.jpa.open-in-view to disable this warning
2023-05-16T12:13:12.012+07:00  INFO 14748 --- [restartedMain] o.s.b.d.a.OptionalLiveReloadServer       : LiveReload server is running on port 35729
2023-05-16T12:13:12.125+07:00  INFO 14748 --- [restartedMain] o.s.b.w.embedded.tomcat.TomcatWebServer  : Tomcat started on port(s): 8080 (http) with context path ''
2023-05-16T12:13:12.157+07:00  INFO 14748 --- [restartedMain] c.m.m.ManagefriendsApplication           : Started ManagefriendsApplication in 8.72 seconds (process running for 10.871)
2023-05-16T12:14:51.553+07:00  INFO 14748 --- [http-nio-8080-exec-1] o.a.c.c.C.[Tomcat].[localhost].[/]       : Initializing Spring DispatcherServlet 'dispatcherServlet'
2023-05-16T12:14:51.554+07:00  INFO 14748 --- [http-nio-8080-exec-1] o.s.web.servlet.DispatcherServlet        : Initializing Servlet 'dispatcherServlet'
2023-05-16T12:14:51.556+07:00  INFO 14748 --- [http-nio-8080-exec-1] o.s.web.servlet.DispatcherServlet        : Completed initialization in 2 ms
