2023-05-18T12:32:31.720+07:00  INFO 22748 --- [restartedMain] com.product.ProductApplication           : Starting ProductApplication using Java 17.0.6 with PID 22748 (D:\project_java\project\springboot\productDemo\target\classes started by duy09 in D:\project_java\project\springboot\productDemo)
2023-05-18T12:32:31.720+07:00  INFO 22748 --- [restartedMain] com.product.ProductApplication           : No active profile set, falling back to 1 default profile: "default"
2023-05-18T12:32:31.774+07:00  INFO 22748 --- [restartedMain] .e.DevToolsPropertyDefaultsPostProcessor : Devtools property defaults active! Set 'spring.devtools.add-properties' to 'false' to disable
2023-05-18T12:32:31.774+07:00  INFO 22748 --- [restartedMain] .e.DevToolsPropertyDefaultsPostProcessor : For additional web related logging consider setting the 'logging.level.web' property to 'DEBUG'
2023-05-18T12:32:32.621+07:00  INFO 22748 --- [restartedMain] .s.d.r.c.RepositoryConfigurationDelegate : Bootstrapping Spring Data JPA repositories in DEFAULT mode.
2023-05-18T12:32:32.684+07:00  INFO 22748 --- [restartedMain] .s.d.r.c.RepositoryConfigurationDelegate : Finished Spring Data repository scanning in 60 ms. Found 1 JPA repository interfaces.
2023-05-18T12:32:33.281+07:00  INFO 22748 --- [restartedMain] o.s.b.w.embedded.tomcat.TomcatWebServer  : Tomcat initialized with port(s): 8080 (http)
2023-05-18T12:32:33.297+07:00  INFO 22748 --- [restartedMain] o.apache.catalina.core.StandardService   : Starting service [Tomcat]
2023-05-18T12:32:33.297+07:00  INFO 22748 --- [restartedMain] o.apache.catalina.core.StandardEngine    : Starting Servlet engine: [Apache Tomcat/10.1.8]
2023-05-18T12:32:33.360+07:00  INFO 22748 --- [restartedMain] o.a.c.c.C.[Tomcat].[localhost].[/]       : Initializing Spring embedded WebApplicationContext
2023-05-18T12:32:33.360+07:00  INFO 22748 --- [restartedMain] w.s.c.ServletWebServerApplicationContext : Root WebApplicationContext: initialization completed in 1586 ms
2023-05-18T12:32:33.494+07:00  INFO 22748 --- [restartedMain] com.zaxxer.hikari.HikariDataSource       : HikariPool-1 - Starting...
2023-05-18T12:32:33.919+07:00  INFO 22748 --- [restartedMain] com.zaxxer.hikari.pool.HikariPool        : HikariPool-1 - Added connection com.mysql.cj.jdbc.ConnectionImpl@78462d8a
2023-05-18T12:32:33.919+07:00  INFO 22748 --- [restartedMain] com.zaxxer.hikari.HikariDataSource       : HikariPool-1 - Start completed.
2023-05-18T12:32:33.950+07:00  INFO 22748 --- [restartedMain] o.hibernate.jpa.internal.util.LogHelper  : HHH000204: Processing PersistenceUnitInfo [name: default]
2023-05-18T12:32:33.997+07:00  INFO 22748 --- [restartedMain] org.hibernate.Version                    : HHH000412: Hibernate ORM core version 6.1.7.Final
2023-05-18T12:32:34.314+07:00  INFO 22748 --- [restartedMain] SQL dialect                              : HHH000400: Using dialect: org.hibernate.dialect.MySQL8Dialect
2023-05-18T12:32:34.326+07:00  WARN 22748 --- [restartedMain] org.hibernate.orm.deprecation            : HHH90000026: MySQL8Dialect has been deprecated; use org.hibernate.dialect.MySQLDialect instead
2023-05-18T12:32:35.097+07:00  INFO 22748 --- [restartedMain] o.h.e.t.j.p.i.JtaPlatformInitiator       : HHH000490: Using JtaPlatform implementation: [org.hibernate.engine.transaction.jta.platform.internal.NoJtaPlatform]
2023-05-18T12:32:35.113+07:00  INFO 22748 --- [restartedMain] j.LocalContainerEntityManagerFactoryBean : Initialized JPA EntityManagerFactory for persistence unit 'default'
2023-05-18T12:32:35.349+07:00  WARN 22748 --- [restartedMain] JpaBaseConfiguration$JpaWebConfiguration : spring.jpa.open-in-view is enabled by default. Therefore, database queries may be performed during view rendering. Explicitly configure spring.jpa.open-in-view to disable this warning
2023-05-18T12:32:35.663+07:00  INFO 22748 --- [restartedMain] o.s.b.d.a.OptionalLiveReloadServer       : LiveReload server is running on port 35729
2023-05-18T12:32:35.710+07:00  INFO 22748 --- [restartedMain] o.s.b.w.embedded.tomcat.TomcatWebServer  : Tomcat started on port(s): 8080 (http) with context path ''
2023-05-18T12:32:35.710+07:00  INFO 22748 --- [restartedMain] com.product.ProductApplication           : Started ProductApplication in 5.484 seconds (process running for 6.764)
2023-05-18T12:34:56.797+07:00  INFO 22748 --- [http-nio-8080-exec-2] o.a.c.c.C.[Tomcat].[localhost].[/]       : Initializing Spring DispatcherServlet 'dispatcherServlet'
2023-05-18T12:34:56.797+07:00  INFO 22748 --- [http-nio-8080-exec-2] o.s.web.servlet.DispatcherServlet        : Initializing Servlet 'dispatcherServlet'
2023-05-18T12:34:56.797+07:00  INFO 22748 --- [http-nio-8080-exec-2] o.s.web.servlet.DispatcherServlet        : Completed initialization in 0 ms
2023-05-18T14:16:58.803+07:00  WARN 22748 --- [HikariPool-1 housekeeper] com.zaxxer.hikari.pool.HikariPool        : HikariPool-1 - Thread starvation or clock leap detected (housekeeper delta=1h21m54s408ms129µs100ns).
